{"uid":"a9c75e7e5e1bbce6","name":"test_articleCreate","fullName":"vizsgaremek_test.test_vizsgaremek.TestConduit#test_articleCreate","historyId":"1664b98f3207d9ab9be148c00b5e1936","time":{"start":1682409739650,"stop":1682409760113,"duration":20463},"status":"broken","statusMessage":"selenium.common.exceptions.TimeoutException: Message: \nStacktrace:\n#0 0x556979fe4fe3 <unknown>\n#1 0x556979d23d36 <unknown>\n#2 0x556979d60c4d <unknown>\n#3 0x556979d60d61 <unknown>\n#4 0x556979d9c6a4 <unknown>\n#5 0x556979d818ed <unknown>\n#6 0x556979d9a232 <unknown>\n#7 0x556979d81693 <unknown>\n#8 0x556979d5403a <unknown>\n#9 0x556979d5517e <unknown>\n#10 0x556979fa6dbd <unknown>\n#11 0x556979faac6c <unknown>\n#12 0x556979fb44b0 <unknown>\n#13 0x556979fabd63 <unknown>\n#14 0x556979f7ec35 <unknown>\n#15 0x556979fcf138 <unknown>\n#16 0x556979fcf2c7 <unknown>\n#17 0x556979fdd093 <unknown>\n#18 0x7f91467a8b43 <unknown>","statusTrace":"self = <test_vizsgaremek.TestConduit object at 0x7fb2aca4a380>\n\n    def test_articleCreate(self):\n        login(self.browser)\n>       WebDriverWait(self.browser, varj).until(EC.presence_of_element_located((By.XPATH, '//a[@href=\"#/editor\"]'))).click()\n\nvizsgaremek_test/test_vizsgaremek.py:126: \n_ _ _ _ _ _ _ _ _ _ _ _ _ _ _ _ _ _ _ _ _ _ _ _ _ _ _ _ _ _ _ _ _ _ _ _ _ _ _ _ \n\nself = <selenium.webdriver.support.wait.WebDriverWait (session=\"8a03f6951d1a82b4ffc1949257c1e448\")>\nmethod = <function presence_of_element_located.<locals>._predicate at 0x7fb2ab977910>\nmessage = ''\n\n    def until(self, method, message: str = \"\"):\n        \"\"\"Calls the method provided with the driver as an argument until the \\\n        return value does not evaluate to ``False``.\n    \n        :param method: callable(WebDriver)\n        :param message: optional message for :exc:`TimeoutException`\n        :returns: the result of the last call to `method`\n        :raises: :exc:`selenium.common.exceptions.TimeoutException` if timeout occurs\n        \"\"\"\n        screen = None\n        stacktrace = None\n    \n        end_time = time.monotonic() + self._timeout\n        while True:\n            try:\n                value = method(self._driver)\n                if value:\n                    return value\n            except self._ignored_exceptions as exc:\n                screen = getattr(exc, \"screen\", None)\n                stacktrace = getattr(exc, \"stacktrace\", None)\n            time.sleep(self._poll)\n            if time.monotonic() > end_time:\n                break\n>       raise TimeoutException(message, screen, stacktrace)\nE       selenium.common.exceptions.TimeoutException: Message: \nE       Stacktrace:\nE       #0 0x556979fe4fe3 <unknown>\nE       #1 0x556979d23d36 <unknown>\nE       #2 0x556979d60c4d <unknown>\nE       #3 0x556979d60d61 <unknown>\nE       #4 0x556979d9c6a4 <unknown>\nE       #5 0x556979d818ed <unknown>\nE       #6 0x556979d9a232 <unknown>\nE       #7 0x556979d81693 <unknown>\nE       #8 0x556979d5403a <unknown>\nE       #9 0x556979d5517e <unknown>\nE       #10 0x556979fa6dbd <unknown>\nE       #11 0x556979faac6c <unknown>\nE       #12 0x556979fb44b0 <unknown>\nE       #13 0x556979fabd63 <unknown>\nE       #14 0x556979f7ec35 <unknown>\nE       #15 0x556979fcf138 <unknown>\nE       #16 0x556979fcf2c7 <unknown>\nE       #17 0x556979fdd093 <unknown>\nE       #18 0x7f91467a8b43 <unknown>\n\n/opt/hostedtoolcache/Python/3.10.11/x64/lib/python3.10/site-packages/selenium/webdriver/support/wait.py:95: TimeoutException","flaky":false,"newFailed":false,"newBroken":false,"newPassed":false,"retriesCount":0,"retriesStatusChange":false,"beforeStages":[{"name":"_xunit_setup_method_fixture_TestConduit","time":{"start":1682409738621,"stop":1682409739650,"duration":1029},"status":"passed","steps":[],"attachments":[],"parameters":[],"stepsCount":0,"attachmentsCount":0,"shouldDisplayMessage":false,"hasContent":false}],"afterStages":[{"name":"_xunit_setup_method_fixture_TestConduit::0","time":{"start":1682409760123,"stop":1682409760178,"duration":55},"status":"passed","steps":[],"attachments":[],"parameters":[],"stepsCount":0,"attachmentsCount":0,"shouldDisplayMessage":false,"hasContent":false}],"labels":[{"name":"parentSuite","value":"vizsgaremek_test"},{"name":"suite","value":"test_vizsgaremek"},{"name":"subSuite","value":"TestConduit"},{"name":"host","value":"fv-az810-300"},{"name":"thread","value":"3046-MainThread"},{"name":"framework","value":"pytest"},{"name":"language","value":"cpython3"},{"name":"package","value":"vizsgaremek_test.test_vizsgaremek"},{"name":"resultFormat","value":"allure2"}],"parameters":[],"links":[],"hidden":false,"retry":false,"extra":{"severity":"normal","retries":[],"categories":[{"name":"Test defects","matchedStatuses":[],"flaky":false}],"tags":[]},"source":"a9c75e7e5e1bbce6.json","parameterValues":[]}