{"uid":"fe476d37e5c7c225","name":"test_tags","fullName":"vizsgaremek_test.test_vizsgaremek.TestConduit#test_tags","historyId":"80cab94caf9cafb036c619b8a4eb15d4","time":{"start":1682379994021,"stop":1682380004339,"duration":10318},"status":"broken","statusMessage":"selenium.common.exceptions.TimeoutException: Message: \nStacktrace:\n#0 0x563ec265efe3 <unknown>\n#1 0x563ec239dd36 <unknown>\n#2 0x563ec23dac4d <unknown>\n#3 0x563ec23dad61 <unknown>\n#4 0x563ec24166a4 <unknown>\n#5 0x563ec23fb8ed <unknown>\n#6 0x563ec2414232 <unknown>\n#7 0x563ec23fb693 <unknown>\n#8 0x563ec23ce03a <unknown>\n#9 0x563ec23cf17e <unknown>\n#10 0x563ec2620dbd <unknown>\n#11 0x563ec2624c6c <unknown>\n#12 0x563ec262e4b0 <unknown>\n#13 0x563ec2625d63 <unknown>\n#14 0x563ec25f8c35 <unknown>\n#15 0x563ec2649138 <unknown>\n#16 0x563ec26492c7 <unknown>\n#17 0x563ec2657093 <unknown>\n#18 0x7fbad7d81b43 <unknown>","statusTrace":"self = <test_vizsgaremek.TestConduit object at 0x7f4ce55782b0>\n\n    def test_tags(self):\n        login(self.browser)\n>       WebDriverWait(self.browser, varj).until(EC.presence_of_element_located((By.XPATH, '//div[@class=\"sidebar\"]/div[@class=\"tag-list\"]/a[@href=\"#/tag/dolor\"]'))).click()\n\nvizsgaremek_test/test_vizsgaremek.py:119: \n_ _ _ _ _ _ _ _ _ _ _ _ _ _ _ _ _ _ _ _ _ _ _ _ _ _ _ _ _ _ _ _ _ _ _ _ _ _ _ _ \n\nself = <selenium.webdriver.support.wait.WebDriverWait (session=\"e345db128bfeccf580c63f6c9960a037\")>\nmethod = <function presence_of_element_located.<locals>._predicate at 0x7f4ce44e4550>\nmessage = ''\n\n    def until(self, method, message: str = \"\"):\n        \"\"\"Calls the method provided with the driver as an argument until the \\\n        return value does not evaluate to ``False``.\n    \n        :param method: callable(WebDriver)\n        :param message: optional message for :exc:`TimeoutException`\n        :returns: the result of the last call to `method`\n        :raises: :exc:`selenium.common.exceptions.TimeoutException` if timeout occurs\n        \"\"\"\n        screen = None\n        stacktrace = None\n    \n        end_time = time.monotonic() + self._timeout\n        while True:\n            try:\n                value = method(self._driver)\n                if value:\n                    return value\n            except self._ignored_exceptions as exc:\n                screen = getattr(exc, \"screen\", None)\n                stacktrace = getattr(exc, \"stacktrace\", None)\n            time.sleep(self._poll)\n            if time.monotonic() > end_time:\n                break\n>       raise TimeoutException(message, screen, stacktrace)\nE       selenium.common.exceptions.TimeoutException: Message: \nE       Stacktrace:\nE       #0 0x563ec265efe3 <unknown>\nE       #1 0x563ec239dd36 <unknown>\nE       #2 0x563ec23dac4d <unknown>\nE       #3 0x563ec23dad61 <unknown>\nE       #4 0x563ec24166a4 <unknown>\nE       #5 0x563ec23fb8ed <unknown>\nE       #6 0x563ec2414232 <unknown>\nE       #7 0x563ec23fb693 <unknown>\nE       #8 0x563ec23ce03a <unknown>\nE       #9 0x563ec23cf17e <unknown>\nE       #10 0x563ec2620dbd <unknown>\nE       #11 0x563ec2624c6c <unknown>\nE       #12 0x563ec262e4b0 <unknown>\nE       #13 0x563ec2625d63 <unknown>\nE       #14 0x563ec25f8c35 <unknown>\nE       #15 0x563ec2649138 <unknown>\nE       #16 0x563ec26492c7 <unknown>\nE       #17 0x563ec2657093 <unknown>\nE       #18 0x7fbad7d81b43 <unknown>\n\n/opt/hostedtoolcache/Python/3.10.11/x64/lib/python3.10/site-packages/selenium/webdriver/support/wait.py:95: TimeoutException","flaky":false,"newFailed":false,"newBroken":false,"newPassed":false,"retriesCount":0,"retriesStatusChange":false,"beforeStages":[{"name":"_xunit_setup_method_fixture_TestConduit","time":{"start":1682379992999,"stop":1682379994020,"duration":1021},"status":"passed","steps":[],"attachments":[],"parameters":[],"stepsCount":0,"attachmentsCount":0,"shouldDisplayMessage":false,"hasContent":false}],"afterStages":[{"name":"_xunit_setup_method_fixture_TestConduit::0","time":{"start":1682380004348,"stop":1682380004403,"duration":55},"status":"passed","steps":[],"attachments":[],"parameters":[],"stepsCount":0,"attachmentsCount":0,"shouldDisplayMessage":false,"hasContent":false}],"labels":[{"name":"parentSuite","value":"vizsgaremek_test"},{"name":"suite","value":"test_vizsgaremek"},{"name":"subSuite","value":"TestConduit"},{"name":"host","value":"fv-az461-440"},{"name":"thread","value":"3044-MainThread"},{"name":"framework","value":"pytest"},{"name":"language","value":"cpython3"},{"name":"package","value":"vizsgaremek_test.test_vizsgaremek"},{"name":"resultFormat","value":"allure2"}],"parameters":[],"links":[],"hidden":false,"retry":false,"extra":{"severity":"normal","retries":[],"categories":[{"name":"Test defects","matchedStatuses":[],"flaky":false}],"tags":[]},"source":"fe476d37e5c7c225.json","parameterValues":[]}