{"uid":"ee242f8b157c9725","name":"test_tags","fullName":"vizsgaremek_test.test_vizsgaremek.TestConduit#test_tags","historyId":"80cab94caf9cafb036c619b8a4eb15d4","time":{"start":1682419010108,"stop":1682419050742,"duration":40634},"status":"broken","statusMessage":"selenium.common.exceptions.TimeoutException: Message: \nStacktrace:\n#0 0x562c43dfdfe3 <unknown>\n#1 0x562c43b3cd36 <unknown>\n#2 0x562c43b79c4d <unknown>\n#3 0x562c43b79d61 <unknown>\n#4 0x562c43bb56a4 <unknown>\n#5 0x562c43b9a8ed <unknown>\n#6 0x562c43bb3232 <unknown>\n#7 0x562c43b9a693 <unknown>\n#8 0x562c43b6d03a <unknown>\n#9 0x562c43b6e17e <unknown>\n#10 0x562c43dbfdbd <unknown>\n#11 0x562c43dc3c6c <unknown>\n#12 0x562c43dcd4b0 <unknown>\n#13 0x562c43dc4d63 <unknown>\n#14 0x562c43d97c35 <unknown>\n#15 0x562c43de8138 <unknown>\n#16 0x562c43de82c7 <unknown>\n#17 0x562c43df6093 <unknown>\n#18 0x7f873e32cb43 <unknown>","statusTrace":"self = <test_vizsgaremek.TestConduit object at 0x7fd482cf1cf0>\n\n    def test_tags(self):\n        login(self.browser)\n>       WebDriverWait(self.browser, varj).until(EC.presence_of_element_located((By.XPATH, '//div[@class=\"sidebar\"]/div[@class=\"tag-list\"]/a[@href=\"#/tag/dolor\"]'))).click()\n\nvizsgaremek_test/test_vizsgaremek.py:119: \n_ _ _ _ _ _ _ _ _ _ _ _ _ _ _ _ _ _ _ _ _ _ _ _ _ _ _ _ _ _ _ _ _ _ _ _ _ _ _ _ \n\nself = <selenium.webdriver.support.wait.WebDriverWait (session=\"b792bdd3a7bcd51343305e539c0bf988\")>\nmethod = <function presence_of_element_located.<locals>._predicate at 0x7fd4818f0940>\nmessage = ''\n\n    def until(self, method, message: str = \"\"):\n        \"\"\"Calls the method provided with the driver as an argument until the \\\n        return value does not evaluate to ``False``.\n    \n        :param method: callable(WebDriver)\n        :param message: optional message for :exc:`TimeoutException`\n        :returns: the result of the last call to `method`\n        :raises: :exc:`selenium.common.exceptions.TimeoutException` if timeout occurs\n        \"\"\"\n        screen = None\n        stacktrace = None\n    \n        end_time = time.monotonic() + self._timeout\n        while True:\n            try:\n                value = method(self._driver)\n                if value:\n                    return value\n            except self._ignored_exceptions as exc:\n                screen = getattr(exc, \"screen\", None)\n                stacktrace = getattr(exc, \"stacktrace\", None)\n            time.sleep(self._poll)\n            if time.monotonic() > end_time:\n                break\n>       raise TimeoutException(message, screen, stacktrace)\nE       selenium.common.exceptions.TimeoutException: Message: \nE       Stacktrace:\nE       #0 0x562c43dfdfe3 <unknown>\nE       #1 0x562c43b3cd36 <unknown>\nE       #2 0x562c43b79c4d <unknown>\nE       #3 0x562c43b79d61 <unknown>\nE       #4 0x562c43bb56a4 <unknown>\nE       #5 0x562c43b9a8ed <unknown>\nE       #6 0x562c43bb3232 <unknown>\nE       #7 0x562c43b9a693 <unknown>\nE       #8 0x562c43b6d03a <unknown>\nE       #9 0x562c43b6e17e <unknown>\nE       #10 0x562c43dbfdbd <unknown>\nE       #11 0x562c43dc3c6c <unknown>\nE       #12 0x562c43dcd4b0 <unknown>\nE       #13 0x562c43dc4d63 <unknown>\nE       #14 0x562c43d97c35 <unknown>\nE       #15 0x562c43de8138 <unknown>\nE       #16 0x562c43de82c7 <unknown>\nE       #17 0x562c43df6093 <unknown>\nE       #18 0x7f873e32cb43 <unknown>\n\n/opt/hostedtoolcache/Python/3.10.11/x64/lib/python3.10/site-packages/selenium/webdriver/support/wait.py:95: TimeoutException","flaky":false,"newFailed":false,"newBroken":false,"newPassed":false,"retriesCount":0,"retriesStatusChange":false,"beforeStages":[{"name":"_xunit_setup_method_fixture_TestConduit","time":{"start":1682419009029,"stop":1682419010107,"duration":1078},"status":"passed","steps":[],"attachments":[],"parameters":[],"stepsCount":0,"attachmentsCount":0,"shouldDisplayMessage":false,"hasContent":false}],"afterStages":[{"name":"_xunit_setup_method_fixture_TestConduit::0","time":{"start":1682419050751,"stop":1682419050807,"duration":56},"status":"passed","steps":[],"attachments":[],"parameters":[],"stepsCount":0,"attachmentsCount":0,"shouldDisplayMessage":false,"hasContent":false}],"labels":[{"name":"parentSuite","value":"vizsgaremek_test"},{"name":"suite","value":"test_vizsgaremek"},{"name":"subSuite","value":"TestConduit"},{"name":"host","value":"fv-az206-40"},{"name":"thread","value":"3046-MainThread"},{"name":"framework","value":"pytest"},{"name":"language","value":"cpython3"},{"name":"package","value":"vizsgaremek_test.test_vizsgaremek"},{"name":"resultFormat","value":"allure2"}],"parameters":[],"links":[],"hidden":false,"retry":false,"extra":{"severity":"normal","retries":[],"categories":[{"name":"Test defects","matchedStatuses":[],"flaky":false}],"tags":[]},"source":"ee242f8b157c9725.json","parameterValues":[]}