{"uid":"84fa70de849ed56b","name":"test_commentDelete","fullName":"vizsgaremek_test.test_vizsgaremek.TestConduit#test_commentDelete","historyId":"7ea2d026640e8c586f943d4b53d864ec","time":{"start":1682378506856,"stop":1682378517215,"duration":10359},"status":"broken","statusMessage":"selenium.common.exceptions.TimeoutException: Message: \nStacktrace:\n#0 0x560312f98fe3 <unknown>\n#1 0x560312cd7d36 <unknown>\n#2 0x560312d14c4d <unknown>\n#3 0x560312d14d61 <unknown>\n#4 0x560312d506a4 <unknown>\n#5 0x560312d358ed <unknown>\n#6 0x560312d4e232 <unknown>\n#7 0x560312d35693 <unknown>\n#8 0x560312d0803a <unknown>\n#9 0x560312d0917e <unknown>\n#10 0x560312f5adbd <unknown>\n#11 0x560312f5ec6c <unknown>\n#12 0x560312f684b0 <unknown>\n#13 0x560312f5fd63 <unknown>\n#14 0x560312f32c35 <unknown>\n#15 0x560312f83138 <unknown>\n#16 0x560312f832c7 <unknown>\n#17 0x560312f91093 <unknown>\n#18 0x7f7aaa0c6b43 <unknown>","statusTrace":"self = <test_vizsgaremek.TestConduit object at 0x7f5a4ebc56c0>\n\n    def test_commentDelete(self):\n        login(self.browser)\n>       WebDriverWait(self.browser, varj).until(EC.presence_of_element_located((By.XPATH, '//a[@class=\"preview-link\"][1]'))).click()\n\nvizsgaremek_test/test_vizsgaremek.py:158: \n_ _ _ _ _ _ _ _ _ _ _ _ _ _ _ _ _ _ _ _ _ _ _ _ _ _ _ _ _ _ _ _ _ _ _ _ _ _ _ _ \n\nself = <selenium.webdriver.support.wait.WebDriverWait (session=\"4f8acaad12a70f830b2d0f8a2fbbff61\")>\nmethod = <function presence_of_element_located.<locals>._predicate at 0x7f5a4d94ae60>\nmessage = ''\n\n    def until(self, method, message: str = \"\"):\n        \"\"\"Calls the method provided with the driver as an argument until the \\\n        return value does not evaluate to ``False``.\n    \n        :param method: callable(WebDriver)\n        :param message: optional message for :exc:`TimeoutException`\n        :returns: the result of the last call to `method`\n        :raises: :exc:`selenium.common.exceptions.TimeoutException` if timeout occurs\n        \"\"\"\n        screen = None\n        stacktrace = None\n    \n        end_time = time.monotonic() + self._timeout\n        while True:\n            try:\n                value = method(self._driver)\n                if value:\n                    return value\n            except self._ignored_exceptions as exc:\n                screen = getattr(exc, \"screen\", None)\n                stacktrace = getattr(exc, \"stacktrace\", None)\n            time.sleep(self._poll)\n            if time.monotonic() > end_time:\n                break\n>       raise TimeoutException(message, screen, stacktrace)\nE       selenium.common.exceptions.TimeoutException: Message: \nE       Stacktrace:\nE       #0 0x560312f98fe3 <unknown>\nE       #1 0x560312cd7d36 <unknown>\nE       #2 0x560312d14c4d <unknown>\nE       #3 0x560312d14d61 <unknown>\nE       #4 0x560312d506a4 <unknown>\nE       #5 0x560312d358ed <unknown>\nE       #6 0x560312d4e232 <unknown>\nE       #7 0x560312d35693 <unknown>\nE       #8 0x560312d0803a <unknown>\nE       #9 0x560312d0917e <unknown>\nE       #10 0x560312f5adbd <unknown>\nE       #11 0x560312f5ec6c <unknown>\nE       #12 0x560312f684b0 <unknown>\nE       #13 0x560312f5fd63 <unknown>\nE       #14 0x560312f32c35 <unknown>\nE       #15 0x560312f83138 <unknown>\nE       #16 0x560312f832c7 <unknown>\nE       #17 0x560312f91093 <unknown>\nE       #18 0x7f7aaa0c6b43 <unknown>\n\n/opt/hostedtoolcache/Python/3.10.11/x64/lib/python3.10/site-packages/selenium/webdriver/support/wait.py:95: TimeoutException","flaky":false,"newFailed":false,"newBroken":false,"newPassed":false,"retriesCount":0,"retriesStatusChange":false,"beforeStages":[{"name":"_xunit_setup_method_fixture_TestConduit","time":{"start":1682378505788,"stop":1682378506855,"duration":1067},"status":"passed","steps":[],"attachments":[],"parameters":[],"stepsCount":0,"attachmentsCount":0,"shouldDisplayMessage":false,"hasContent":false}],"afterStages":[{"name":"_xunit_setup_method_fixture_TestConduit::0","time":{"start":1682378517226,"stop":1682378517282,"duration":56},"status":"passed","steps":[],"attachments":[],"parameters":[],"stepsCount":0,"attachmentsCount":0,"shouldDisplayMessage":false,"hasContent":false}],"labels":[{"name":"parentSuite","value":"vizsgaremek_test"},{"name":"suite","value":"test_vizsgaremek"},{"name":"subSuite","value":"TestConduit"},{"name":"host","value":"fv-az216-976"},{"name":"thread","value":"3047-MainThread"},{"name":"framework","value":"pytest"},{"name":"language","value":"cpython3"},{"name":"package","value":"vizsgaremek_test.test_vizsgaremek"},{"name":"resultFormat","value":"allure2"}],"parameters":[],"links":[],"hidden":false,"retry":false,"extra":{"severity":"normal","retries":[],"categories":[{"name":"Test defects","matchedStatuses":[],"flaky":false}],"tags":[]},"source":"84fa70de849ed56b.json","parameterValues":[]}