{"uid":"b6c6892fbdfdf89c","name":"test_articleCreate","fullName":"vizsgaremek_test.test_vizsgaremek.TestConduit#test_articleCreate","historyId":"1664b98f3207d9ab9be148c00b5e1936","time":{"start":1682378482463,"stop":1682378492826,"duration":10363},"status":"broken","statusMessage":"selenium.common.exceptions.TimeoutException: Message: \nStacktrace:\n#0 0x564f75716fe3 <unknown>\n#1 0x564f75455d36 <unknown>\n#2 0x564f75492c4d <unknown>\n#3 0x564f75492d61 <unknown>\n#4 0x564f754ce6a4 <unknown>\n#5 0x564f754b38ed <unknown>\n#6 0x564f754cc232 <unknown>\n#7 0x564f754b3693 <unknown>\n#8 0x564f7548603a <unknown>\n#9 0x564f7548717e <unknown>\n#10 0x564f756d8dbd <unknown>\n#11 0x564f756dcc6c <unknown>\n#12 0x564f756e64b0 <unknown>\n#13 0x564f756ddd63 <unknown>\n#14 0x564f756b0c35 <unknown>\n#15 0x564f75701138 <unknown>\n#16 0x564f757012c7 <unknown>\n#17 0x564f7570f093 <unknown>\n#18 0x7f74a33deb43 <unknown>","statusTrace":"self = <test_vizsgaremek.TestConduit object at 0x7f5a4ebc60b0>\n\n    def test_articleCreate(self):\n        login(self.browser)\n>       WebDriverWait(self.browser, varj).until(EC.presence_of_element_located((By.XPATH, '//a[@href=\"#/editor\"]'))).click()\n\nvizsgaremek_test/test_vizsgaremek.py:126: \n_ _ _ _ _ _ _ _ _ _ _ _ _ _ _ _ _ _ _ _ _ _ _ _ _ _ _ _ _ _ _ _ _ _ _ _ _ _ _ _ \n\nself = <selenium.webdriver.support.wait.WebDriverWait (session=\"bfb5db36821eb329212e62eae81a6c9e\")>\nmethod = <function presence_of_element_located.<locals>._predicate at 0x7f5a4eacd090>\nmessage = ''\n\n    def until(self, method, message: str = \"\"):\n        \"\"\"Calls the method provided with the driver as an argument until the \\\n        return value does not evaluate to ``False``.\n    \n        :param method: callable(WebDriver)\n        :param message: optional message for :exc:`TimeoutException`\n        :returns: the result of the last call to `method`\n        :raises: :exc:`selenium.common.exceptions.TimeoutException` if timeout occurs\n        \"\"\"\n        screen = None\n        stacktrace = None\n    \n        end_time = time.monotonic() + self._timeout\n        while True:\n            try:\n                value = method(self._driver)\n                if value:\n                    return value\n            except self._ignored_exceptions as exc:\n                screen = getattr(exc, \"screen\", None)\n                stacktrace = getattr(exc, \"stacktrace\", None)\n            time.sleep(self._poll)\n            if time.monotonic() > end_time:\n                break\n>       raise TimeoutException(message, screen, stacktrace)\nE       selenium.common.exceptions.TimeoutException: Message: \nE       Stacktrace:\nE       #0 0x564f75716fe3 <unknown>\nE       #1 0x564f75455d36 <unknown>\nE       #2 0x564f75492c4d <unknown>\nE       #3 0x564f75492d61 <unknown>\nE       #4 0x564f754ce6a4 <unknown>\nE       #5 0x564f754b38ed <unknown>\nE       #6 0x564f754cc232 <unknown>\nE       #7 0x564f754b3693 <unknown>\nE       #8 0x564f7548603a <unknown>\nE       #9 0x564f7548717e <unknown>\nE       #10 0x564f756d8dbd <unknown>\nE       #11 0x564f756dcc6c <unknown>\nE       #12 0x564f756e64b0 <unknown>\nE       #13 0x564f756ddd63 <unknown>\nE       #14 0x564f756b0c35 <unknown>\nE       #15 0x564f75701138 <unknown>\nE       #16 0x564f757012c7 <unknown>\nE       #17 0x564f7570f093 <unknown>\nE       #18 0x7f74a33deb43 <unknown>\n\n/opt/hostedtoolcache/Python/3.10.11/x64/lib/python3.10/site-packages/selenium/webdriver/support/wait.py:95: TimeoutException","flaky":false,"newFailed":false,"newBroken":false,"newPassed":false,"retriesCount":0,"retriesStatusChange":false,"beforeStages":[{"name":"_xunit_setup_method_fixture_TestConduit","time":{"start":1682378481371,"stop":1682378482462,"duration":1091},"status":"passed","steps":[],"attachments":[],"parameters":[],"stepsCount":0,"attachmentsCount":0,"shouldDisplayMessage":false,"hasContent":false}],"afterStages":[{"name":"_xunit_setup_method_fixture_TestConduit::0","time":{"start":1682378492837,"stop":1682378492894,"duration":57},"status":"passed","steps":[],"attachments":[],"parameters":[],"stepsCount":0,"attachmentsCount":0,"shouldDisplayMessage":false,"hasContent":false}],"labels":[{"name":"parentSuite","value":"vizsgaremek_test"},{"name":"suite","value":"test_vizsgaremek"},{"name":"subSuite","value":"TestConduit"},{"name":"host","value":"fv-az216-976"},{"name":"thread","value":"3047-MainThread"},{"name":"framework","value":"pytest"},{"name":"language","value":"cpython3"},{"name":"package","value":"vizsgaremek_test.test_vizsgaremek"},{"name":"resultFormat","value":"allure2"}],"parameters":[],"links":[],"hidden":false,"retry":false,"extra":{"severity":"normal","retries":[],"categories":[{"name":"Test defects","matchedStatuses":[],"flaky":false}],"tags":[]},"source":"b6c6892fbdfdf89c.json","parameterValues":[]}