{"uid":"1023c7c3ed643511","name":"test_tags","fullName":"vizsgaremek_test.test_vizsgaremek.TestConduit#test_tags","historyId":"80cab94caf9cafb036c619b8a4eb15d4","time":{"start":1682378379744,"stop":1682378390207,"duration":10463},"status":"broken","statusMessage":"selenium.common.exceptions.TimeoutException: Message: \nStacktrace:\n#0 0x55c294852fe3 <unknown>\n#1 0x55c294591d36 <unknown>\n#2 0x55c2945cec4d <unknown>\n#3 0x55c2945ced61 <unknown>\n#4 0x55c29460a6a4 <unknown>\n#5 0x55c2945ef8ed <unknown>\n#6 0x55c294608232 <unknown>\n#7 0x55c2945ef693 <unknown>\n#8 0x55c2945c203a <unknown>\n#9 0x55c2945c317e <unknown>\n#10 0x55c294814dbd <unknown>\n#11 0x55c294818c6c <unknown>\n#12 0x55c2948224b0 <unknown>\n#13 0x55c294819d63 <unknown>\n#14 0x55c2947ecc35 <unknown>\n#15 0x55c29483d138 <unknown>\n#16 0x55c29483d2c7 <unknown>\n#17 0x55c29484b093 <unknown>\n#18 0x7f24974d5b43 <unknown>","statusTrace":"self = <test_vizsgaremek.TestConduit object at 0x7f12536823b0>\n\n    def test_tags(self):\n        login(self.browser)\n>       WebDriverWait(self.browser, varj).until(EC.presence_of_element_located((By.XPATH, '//div[@class=\"sidebar\"]/div[@class=\"tag-list\"]/a[@href=\"#/tag/dolor\"]'))).click()\n\nvizsgaremek_test/test_vizsgaremek.py:119: \n_ _ _ _ _ _ _ _ _ _ _ _ _ _ _ _ _ _ _ _ _ _ _ _ _ _ _ _ _ _ _ _ _ _ _ _ _ _ _ _ \n\nself = <selenium.webdriver.support.wait.WebDriverWait (session=\"6047b396861fabbb099c320432fd3e22\")>\nmethod = <function presence_of_element_located.<locals>._predicate at 0x7f12526084c0>\nmessage = ''\n\n    def until(self, method, message: str = \"\"):\n        \"\"\"Calls the method provided with the driver as an argument until the \\\n        return value does not evaluate to ``False``.\n    \n        :param method: callable(WebDriver)\n        :param message: optional message for :exc:`TimeoutException`\n        :returns: the result of the last call to `method`\n        :raises: :exc:`selenium.common.exceptions.TimeoutException` if timeout occurs\n        \"\"\"\n        screen = None\n        stacktrace = None\n    \n        end_time = time.monotonic() + self._timeout\n        while True:\n            try:\n                value = method(self._driver)\n                if value:\n                    return value\n            except self._ignored_exceptions as exc:\n                screen = getattr(exc, \"screen\", None)\n                stacktrace = getattr(exc, \"stacktrace\", None)\n            time.sleep(self._poll)\n            if time.monotonic() > end_time:\n                break\n>       raise TimeoutException(message, screen, stacktrace)\nE       selenium.common.exceptions.TimeoutException: Message: \nE       Stacktrace:\nE       #0 0x55c294852fe3 <unknown>\nE       #1 0x55c294591d36 <unknown>\nE       #2 0x55c2945cec4d <unknown>\nE       #3 0x55c2945ced61 <unknown>\nE       #4 0x55c29460a6a4 <unknown>\nE       #5 0x55c2945ef8ed <unknown>\nE       #6 0x55c294608232 <unknown>\nE       #7 0x55c2945ef693 <unknown>\nE       #8 0x55c2945c203a <unknown>\nE       #9 0x55c2945c317e <unknown>\nE       #10 0x55c294814dbd <unknown>\nE       #11 0x55c294818c6c <unknown>\nE       #12 0x55c2948224b0 <unknown>\nE       #13 0x55c294819d63 <unknown>\nE       #14 0x55c2947ecc35 <unknown>\nE       #15 0x55c29483d138 <unknown>\nE       #16 0x55c29483d2c7 <unknown>\nE       #17 0x55c29484b093 <unknown>\nE       #18 0x7f24974d5b43 <unknown>\n\n/opt/hostedtoolcache/Python/3.10.11/x64/lib/python3.10/site-packages/selenium/webdriver/support/wait.py:95: TimeoutException","flaky":false,"newFailed":false,"newBroken":false,"newPassed":false,"retriesCount":0,"retriesStatusChange":false,"beforeStages":[{"name":"_xunit_setup_method_fixture_TestConduit","time":{"start":1682378378596,"stop":1682378379743,"duration":1147},"status":"passed","steps":[],"attachments":[],"parameters":[],"attachmentsCount":0,"shouldDisplayMessage":false,"hasContent":false,"stepsCount":0}],"afterStages":[{"name":"_xunit_setup_method_fixture_TestConduit::0","time":{"start":1682378390221,"stop":1682378390277,"duration":56},"status":"passed","steps":[],"attachments":[],"parameters":[],"attachmentsCount":0,"shouldDisplayMessage":false,"hasContent":false,"stepsCount":0}],"labels":[{"name":"parentSuite","value":"vizsgaremek_test"},{"name":"suite","value":"test_vizsgaremek"},{"name":"subSuite","value":"TestConduit"},{"name":"host","value":"fv-az646-727"},{"name":"thread","value":"3111-MainThread"},{"name":"framework","value":"pytest"},{"name":"language","value":"cpython3"},{"name":"package","value":"vizsgaremek_test.test_vizsgaremek"},{"name":"resultFormat","value":"allure2"}],"parameters":[],"links":[],"hidden":false,"retry":false,"extra":{"severity":"normal","retries":[],"categories":[{"name":"Test defects","matchedStatuses":[],"flaky":false}],"tags":[]},"source":"1023c7c3ed643511.json","parameterValues":[]}