{"uid":"207b06f5e7abbbd","name":"test_logOut","fullName":"vizsgaremek_test.test_vizsgaremek.TestConduit#test_logOut","historyId":"f3fa6621cfd8b153b0d5c078567291f2","time":{"start":1682378343358,"stop":1682378353819,"duration":10461},"status":"broken","statusMessage":"selenium.common.exceptions.TimeoutException: Message: \nStacktrace:\n#0 0x563eef064fe3 <unknown>\n#1 0x563eeeda3d36 <unknown>\n#2 0x563eeede0c4d <unknown>\n#3 0x563eeede0d61 <unknown>\n#4 0x563eeee1c6a4 <unknown>\n#5 0x563eeee018ed <unknown>\n#6 0x563eeee1a232 <unknown>\n#7 0x563eeee01693 <unknown>\n#8 0x563eeedd403a <unknown>\n#9 0x563eeedd517e <unknown>\n#10 0x563eef026dbd <unknown>\n#11 0x563eef02ac6c <unknown>\n#12 0x563eef0344b0 <unknown>\n#13 0x563eef02bd63 <unknown>\n#14 0x563eeeffec35 <unknown>\n#15 0x563eef04f138 <unknown>\n#16 0x563eef04f2c7 <unknown>\n#17 0x563eef05d093 <unknown>\n#18 0x7f09b5128b43 <unknown>","statusTrace":"self = <test_vizsgaremek.TestConduit object at 0x7f1253681360>\n\n    def test_logOut(self):\n        login(self.browser)\n>       WebDriverWait(self.browser, varj).until(EC.presence_of_element_located((By.XPATH, '//a[@active-class=\"active\"]'))).click()\n\nvizsgaremek_test/test_vizsgaremek.py:86: \n_ _ _ _ _ _ _ _ _ _ _ _ _ _ _ _ _ _ _ _ _ _ _ _ _ _ _ _ _ _ _ _ _ _ _ _ _ _ _ _ \n\nself = <selenium.webdriver.support.wait.WebDriverWait (session=\"e035acc45805e179db1e221b8539e5a4\")>\nmethod = <function presence_of_element_located.<locals>._predicate at 0x7f1252590940>\nmessage = ''\n\n    def until(self, method, message: str = \"\"):\n        \"\"\"Calls the method provided with the driver as an argument until the \\\n        return value does not evaluate to ``False``.\n    \n        :param method: callable(WebDriver)\n        :param message: optional message for :exc:`TimeoutException`\n        :returns: the result of the last call to `method`\n        :raises: :exc:`selenium.common.exceptions.TimeoutException` if timeout occurs\n        \"\"\"\n        screen = None\n        stacktrace = None\n    \n        end_time = time.monotonic() + self._timeout\n        while True:\n            try:\n                value = method(self._driver)\n                if value:\n                    return value\n            except self._ignored_exceptions as exc:\n                screen = getattr(exc, \"screen\", None)\n                stacktrace = getattr(exc, \"stacktrace\", None)\n            time.sleep(self._poll)\n            if time.monotonic() > end_time:\n                break\n>       raise TimeoutException(message, screen, stacktrace)\nE       selenium.common.exceptions.TimeoutException: Message: \nE       Stacktrace:\nE       #0 0x563eef064fe3 <unknown>\nE       #1 0x563eeeda3d36 <unknown>\nE       #2 0x563eeede0c4d <unknown>\nE       #3 0x563eeede0d61 <unknown>\nE       #4 0x563eeee1c6a4 <unknown>\nE       #5 0x563eeee018ed <unknown>\nE       #6 0x563eeee1a232 <unknown>\nE       #7 0x563eeee01693 <unknown>\nE       #8 0x563eeedd403a <unknown>\nE       #9 0x563eeedd517e <unknown>\nE       #10 0x563eef026dbd <unknown>\nE       #11 0x563eef02ac6c <unknown>\nE       #12 0x563eef0344b0 <unknown>\nE       #13 0x563eef02bd63 <unknown>\nE       #14 0x563eeeffec35 <unknown>\nE       #15 0x563eef04f138 <unknown>\nE       #16 0x563eef04f2c7 <unknown>\nE       #17 0x563eef05d093 <unknown>\nE       #18 0x7f09b5128b43 <unknown>\n\n/opt/hostedtoolcache/Python/3.10.11/x64/lib/python3.10/site-packages/selenium/webdriver/support/wait.py:95: TimeoutException","flaky":false,"newFailed":false,"newBroken":false,"newPassed":false,"retriesCount":0,"retriesStatusChange":false,"beforeStages":[{"name":"_xunit_setup_method_fixture_TestConduit","time":{"start":1682378342190,"stop":1682378343357,"duration":1167},"status":"passed","steps":[],"attachments":[],"parameters":[],"attachmentsCount":0,"shouldDisplayMessage":false,"hasContent":false,"stepsCount":0}],"afterStages":[{"name":"_xunit_setup_method_fixture_TestConduit::0","time":{"start":1682378353882,"stop":1682378353939,"duration":57},"status":"passed","steps":[],"attachments":[],"parameters":[],"attachmentsCount":0,"shouldDisplayMessage":false,"hasContent":false,"stepsCount":0}],"labels":[{"name":"parentSuite","value":"vizsgaremek_test"},{"name":"suite","value":"test_vizsgaremek"},{"name":"subSuite","value":"TestConduit"},{"name":"host","value":"fv-az646-727"},{"name":"thread","value":"3111-MainThread"},{"name":"framework","value":"pytest"},{"name":"language","value":"cpython3"},{"name":"package","value":"vizsgaremek_test.test_vizsgaremek"},{"name":"resultFormat","value":"allure2"}],"parameters":[],"links":[],"hidden":false,"retry":false,"extra":{"severity":"normal","retries":[],"categories":[{"name":"Test defects","matchedStatuses":[],"flaky":false}],"tags":[]},"source":"207b06f5e7abbbd.json","parameterValues":[]}