{"uid":"e8f81f6504b3a398","name":"test_commentDelete","fullName":"vizsgaremek_test.test_vizsgaremek.TestConduit#test_commentDelete","historyId":"7ea2d026640e8c586f943d4b53d864ec","time":{"start":1682378416420,"stop":1682378426870,"duration":10450},"status":"broken","statusMessage":"selenium.common.exceptions.TimeoutException: Message: \nStacktrace:\n#0 0x5574ad3aefe3 <unknown>\n#1 0x5574ad0edd36 <unknown>\n#2 0x5574ad12ac4d <unknown>\n#3 0x5574ad12ad61 <unknown>\n#4 0x5574ad1666a4 <unknown>\n#5 0x5574ad14b8ed <unknown>\n#6 0x5574ad164232 <unknown>\n#7 0x5574ad14b693 <unknown>\n#8 0x5574ad11e03a <unknown>\n#9 0x5574ad11f17e <unknown>\n#10 0x5574ad370dbd <unknown>\n#11 0x5574ad374c6c <unknown>\n#12 0x5574ad37e4b0 <unknown>\n#13 0x5574ad375d63 <unknown>\n#14 0x5574ad348c35 <unknown>\n#15 0x5574ad399138 <unknown>\n#16 0x5574ad3992c7 <unknown>\n#17 0x5574ad3a7093 <unknown>\n#18 0x7f44d2cdfb43 <unknown>","statusTrace":"self = <test_vizsgaremek.TestConduit object at 0x7f1253681ae0>\n\n    def test_commentDelete(self):\n        login(self.browser)\n>       WebDriverWait(self.browser, varj).until(EC.presence_of_element_located((By.XPATH, '//a[@class=\"preview-link\"][1]'))).click()\n\nvizsgaremek_test/test_vizsgaremek.py:158: \n_ _ _ _ _ _ _ _ _ _ _ _ _ _ _ _ _ _ _ _ _ _ _ _ _ _ _ _ _ _ _ _ _ _ _ _ _ _ _ _ \n\nself = <selenium.webdriver.support.wait.WebDriverWait (session=\"307211488143ac9a7dac1577afb3de35\")>\nmethod = <function presence_of_element_located.<locals>._predicate at 0x7f125260add0>\nmessage = ''\n\n    def until(self, method, message: str = \"\"):\n        \"\"\"Calls the method provided with the driver as an argument until the \\\n        return value does not evaluate to ``False``.\n    \n        :param method: callable(WebDriver)\n        :param message: optional message for :exc:`TimeoutException`\n        :returns: the result of the last call to `method`\n        :raises: :exc:`selenium.common.exceptions.TimeoutException` if timeout occurs\n        \"\"\"\n        screen = None\n        stacktrace = None\n    \n        end_time = time.monotonic() + self._timeout\n        while True:\n            try:\n                value = method(self._driver)\n                if value:\n                    return value\n            except self._ignored_exceptions as exc:\n                screen = getattr(exc, \"screen\", None)\n                stacktrace = getattr(exc, \"stacktrace\", None)\n            time.sleep(self._poll)\n            if time.monotonic() > end_time:\n                break\n>       raise TimeoutException(message, screen, stacktrace)\nE       selenium.common.exceptions.TimeoutException: Message: \nE       Stacktrace:\nE       #0 0x5574ad3aefe3 <unknown>\nE       #1 0x5574ad0edd36 <unknown>\nE       #2 0x5574ad12ac4d <unknown>\nE       #3 0x5574ad12ad61 <unknown>\nE       #4 0x5574ad1666a4 <unknown>\nE       #5 0x5574ad14b8ed <unknown>\nE       #6 0x5574ad164232 <unknown>\nE       #7 0x5574ad14b693 <unknown>\nE       #8 0x5574ad11e03a <unknown>\nE       #9 0x5574ad11f17e <unknown>\nE       #10 0x5574ad370dbd <unknown>\nE       #11 0x5574ad374c6c <unknown>\nE       #12 0x5574ad37e4b0 <unknown>\nE       #13 0x5574ad375d63 <unknown>\nE       #14 0x5574ad348c35 <unknown>\nE       #15 0x5574ad399138 <unknown>\nE       #16 0x5574ad3992c7 <unknown>\nE       #17 0x5574ad3a7093 <unknown>\nE       #18 0x7f44d2cdfb43 <unknown>\n\n/opt/hostedtoolcache/Python/3.10.11/x64/lib/python3.10/site-packages/selenium/webdriver/support/wait.py:95: TimeoutException","flaky":false,"newFailed":false,"newBroken":false,"newPassed":false,"retriesCount":0,"retriesStatusChange":false,"beforeStages":[{"name":"_xunit_setup_method_fixture_TestConduit","time":{"start":1682378415261,"stop":1682378416419,"duration":1158},"status":"passed","steps":[],"attachments":[],"parameters":[],"attachmentsCount":0,"shouldDisplayMessage":false,"hasContent":false,"stepsCount":0}],"afterStages":[{"name":"_xunit_setup_method_fixture_TestConduit::0","time":{"start":1682378426883,"stop":1682378426940,"duration":57},"status":"passed","steps":[],"attachments":[],"parameters":[],"attachmentsCount":0,"shouldDisplayMessage":false,"hasContent":false,"stepsCount":0}],"labels":[{"name":"parentSuite","value":"vizsgaremek_test"},{"name":"suite","value":"test_vizsgaremek"},{"name":"subSuite","value":"TestConduit"},{"name":"host","value":"fv-az646-727"},{"name":"thread","value":"3111-MainThread"},{"name":"framework","value":"pytest"},{"name":"language","value":"cpython3"},{"name":"package","value":"vizsgaremek_test.test_vizsgaremek"},{"name":"resultFormat","value":"allure2"}],"parameters":[],"links":[],"hidden":false,"retry":false,"extra":{"severity":"normal","retries":[],"categories":[{"name":"Test defects","matchedStatuses":[],"flaky":false}],"tags":[]},"source":"e8f81f6504b3a398.json","parameterValues":[]}