{"uid":"25125c14b4934fac","name":"test_articleCreate","fullName":"vizsgaremek_test.test_vizsgaremek.TestConduit#test_articleCreate","historyId":"1664b98f3207d9ab9be148c00b5e1936","time":{"start":1682406457973,"stop":1682406468289,"duration":10316},"status":"broken","statusMessage":"selenium.common.exceptions.TimeoutException: Message: \nStacktrace:\n#0 0x55e67ace3fe3 <unknown>\n#1 0x55e67aa22d36 <unknown>\n#2 0x55e67aa5fc4d <unknown>\n#3 0x55e67aa5fd61 <unknown>\n#4 0x55e67aa9b6a4 <unknown>\n#5 0x55e67aa808ed <unknown>\n#6 0x55e67aa99232 <unknown>\n#7 0x55e67aa80693 <unknown>\n#8 0x55e67aa5303a <unknown>\n#9 0x55e67aa5417e <unknown>\n#10 0x55e67aca5dbd <unknown>\n#11 0x55e67aca9c6c <unknown>\n#12 0x55e67acb34b0 <unknown>\n#13 0x55e67acaad63 <unknown>\n#14 0x55e67ac7dc35 <unknown>\n#15 0x55e67acce138 <unknown>\n#16 0x55e67acce2c7 <unknown>\n#17 0x55e67acdc093 <unknown>\n#18 0x7f5508721b43 <unknown>","statusTrace":"self = <test_vizsgaremek.TestConduit object at 0x7f2a33109fc0>\n\n    def test_articleCreate(self):\n        login(self.browser)\n>       WebDriverWait(self.browser, varj).until(EC.presence_of_element_located((By.XPATH, '//a[@href=\"#/editor\"]'))).click()\n\nvizsgaremek_test/test_vizsgaremek.py:126: \n_ _ _ _ _ _ _ _ _ _ _ _ _ _ _ _ _ _ _ _ _ _ _ _ _ _ _ _ _ _ _ _ _ _ _ _ _ _ _ _ \n\nself = <selenium.webdriver.support.wait.WebDriverWait (session=\"e732e3d753f20b868ac899a5158f6d61\")>\nmethod = <function presence_of_element_located.<locals>._predicate at 0x7f2a320337f0>\nmessage = ''\n\n    def until(self, method, message: str = \"\"):\n        \"\"\"Calls the method provided with the driver as an argument until the \\\n        return value does not evaluate to ``False``.\n    \n        :param method: callable(WebDriver)\n        :param message: optional message for :exc:`TimeoutException`\n        :returns: the result of the last call to `method`\n        :raises: :exc:`selenium.common.exceptions.TimeoutException` if timeout occurs\n        \"\"\"\n        screen = None\n        stacktrace = None\n    \n        end_time = time.monotonic() + self._timeout\n        while True:\n            try:\n                value = method(self._driver)\n                if value:\n                    return value\n            except self._ignored_exceptions as exc:\n                screen = getattr(exc, \"screen\", None)\n                stacktrace = getattr(exc, \"stacktrace\", None)\n            time.sleep(self._poll)\n            if time.monotonic() > end_time:\n                break\n>       raise TimeoutException(message, screen, stacktrace)\nE       selenium.common.exceptions.TimeoutException: Message: \nE       Stacktrace:\nE       #0 0x55e67ace3fe3 <unknown>\nE       #1 0x55e67aa22d36 <unknown>\nE       #2 0x55e67aa5fc4d <unknown>\nE       #3 0x55e67aa5fd61 <unknown>\nE       #4 0x55e67aa9b6a4 <unknown>\nE       #5 0x55e67aa808ed <unknown>\nE       #6 0x55e67aa99232 <unknown>\nE       #7 0x55e67aa80693 <unknown>\nE       #8 0x55e67aa5303a <unknown>\nE       #9 0x55e67aa5417e <unknown>\nE       #10 0x55e67aca5dbd <unknown>\nE       #11 0x55e67aca9c6c <unknown>\nE       #12 0x55e67acb34b0 <unknown>\nE       #13 0x55e67acaad63 <unknown>\nE       #14 0x55e67ac7dc35 <unknown>\nE       #15 0x55e67acce138 <unknown>\nE       #16 0x55e67acce2c7 <unknown>\nE       #17 0x55e67acdc093 <unknown>\nE       #18 0x7f5508721b43 <unknown>\n\n/opt/hostedtoolcache/Python/3.10.11/x64/lib/python3.10/site-packages/selenium/webdriver/support/wait.py:95: TimeoutException","flaky":false,"newFailed":false,"newBroken":false,"newPassed":false,"retriesCount":0,"retriesStatusChange":false,"beforeStages":[{"name":"_xunit_setup_method_fixture_TestConduit","time":{"start":1682406456918,"stop":1682406457972,"duration":1054},"status":"passed","steps":[],"attachments":[],"parameters":[],"stepsCount":0,"attachmentsCount":0,"shouldDisplayMessage":false,"hasContent":false}],"afterStages":[{"name":"_xunit_setup_method_fixture_TestConduit::0","time":{"start":1682406468298,"stop":1682406468353,"duration":55},"status":"passed","steps":[],"attachments":[],"parameters":[],"stepsCount":0,"attachmentsCount":0,"shouldDisplayMessage":false,"hasContent":false}],"labels":[{"name":"parentSuite","value":"vizsgaremek_test"},{"name":"suite","value":"test_vizsgaremek"},{"name":"subSuite","value":"TestConduit"},{"name":"host","value":"fv-az555-154"},{"name":"thread","value":"3075-MainThread"},{"name":"framework","value":"pytest"},{"name":"language","value":"cpython3"},{"name":"package","value":"vizsgaremek_test.test_vizsgaremek"},{"name":"resultFormat","value":"allure2"}],"parameters":[],"links":[],"hidden":false,"retry":false,"extra":{"severity":"normal","retries":[],"categories":[{"name":"Test defects","matchedStatuses":[],"flaky":false}],"tags":[]},"source":"25125c14b4934fac.json","parameterValues":[]}