{"uid":"5542649a58d3b610","name":"test_logOut","fullName":"vizsgaremek_test.test_vizsgaremek.TestConduit#test_logOut","historyId":"f3fa6621cfd8b153b0d5c078567291f2","time":{"start":1682406411054,"stop":1682406421406,"duration":10352},"status":"broken","statusMessage":"selenium.common.exceptions.TimeoutException: Message: \nStacktrace:\n#0 0x55e902213fe3 <unknown>\n#1 0x55e901f52d36 <unknown>\n#2 0x55e901f8fc4d <unknown>\n#3 0x55e901f8fd61 <unknown>\n#4 0x55e901fcb6a4 <unknown>\n#5 0x55e901fb08ed <unknown>\n#6 0x55e901fc9232 <unknown>\n#7 0x55e901fb0693 <unknown>\n#8 0x55e901f8303a <unknown>\n#9 0x55e901f8417e <unknown>\n#10 0x55e9021d5dbd <unknown>\n#11 0x55e9021d9c6c <unknown>\n#12 0x55e9021e34b0 <unknown>\n#13 0x55e9021dad63 <unknown>\n#14 0x55e9021adc35 <unknown>\n#15 0x55e9021fe138 <unknown>\n#16 0x55e9021fe2c7 <unknown>\n#17 0x55e90220c093 <unknown>\n#18 0x7fe9dcf9cb43 <unknown>","statusTrace":"self = <test_vizsgaremek.TestConduit object at 0x7f2a33108e50>\n\n    def test_logOut(self):\n        login(self.browser)\n>       WebDriverWait(self.browser, varj).until(EC.presence_of_element_located((By.XPATH, '//a[@active-class=\"active\"]'))).click()\n\nvizsgaremek_test/test_vizsgaremek.py:86: \n_ _ _ _ _ _ _ _ _ _ _ _ _ _ _ _ _ _ _ _ _ _ _ _ _ _ _ _ _ _ _ _ _ _ _ _ _ _ _ _ \n\nself = <selenium.webdriver.support.wait.WebDriverWait (session=\"223fb0c86535541b353e246e5ff14b20\")>\nmethod = <function presence_of_element_located.<locals>._predicate at 0x7f2a32014af0>\nmessage = ''\n\n    def until(self, method, message: str = \"\"):\n        \"\"\"Calls the method provided with the driver as an argument until the \\\n        return value does not evaluate to ``False``.\n    \n        :param method: callable(WebDriver)\n        :param message: optional message for :exc:`TimeoutException`\n        :returns: the result of the last call to `method`\n        :raises: :exc:`selenium.common.exceptions.TimeoutException` if timeout occurs\n        \"\"\"\n        screen = None\n        stacktrace = None\n    \n        end_time = time.monotonic() + self._timeout\n        while True:\n            try:\n                value = method(self._driver)\n                if value:\n                    return value\n            except self._ignored_exceptions as exc:\n                screen = getattr(exc, \"screen\", None)\n                stacktrace = getattr(exc, \"stacktrace\", None)\n            time.sleep(self._poll)\n            if time.monotonic() > end_time:\n                break\n>       raise TimeoutException(message, screen, stacktrace)\nE       selenium.common.exceptions.TimeoutException: Message: \nE       Stacktrace:\nE       #0 0x55e902213fe3 <unknown>\nE       #1 0x55e901f52d36 <unknown>\nE       #2 0x55e901f8fc4d <unknown>\nE       #3 0x55e901f8fd61 <unknown>\nE       #4 0x55e901fcb6a4 <unknown>\nE       #5 0x55e901fb08ed <unknown>\nE       #6 0x55e901fc9232 <unknown>\nE       #7 0x55e901fb0693 <unknown>\nE       #8 0x55e901f8303a <unknown>\nE       #9 0x55e901f8417e <unknown>\nE       #10 0x55e9021d5dbd <unknown>\nE       #11 0x55e9021d9c6c <unknown>\nE       #12 0x55e9021e34b0 <unknown>\nE       #13 0x55e9021dad63 <unknown>\nE       #14 0x55e9021adc35 <unknown>\nE       #15 0x55e9021fe138 <unknown>\nE       #16 0x55e9021fe2c7 <unknown>\nE       #17 0x55e90220c093 <unknown>\nE       #18 0x7fe9dcf9cb43 <unknown>\n\n/opt/hostedtoolcache/Python/3.10.11/x64/lib/python3.10/site-packages/selenium/webdriver/support/wait.py:95: TimeoutException","flaky":false,"newFailed":false,"newBroken":false,"newPassed":false,"retriesCount":0,"retriesStatusChange":false,"beforeStages":[{"name":"_xunit_setup_method_fixture_TestConduit","time":{"start":1682406409972,"stop":1682406411054,"duration":1082},"status":"passed","steps":[],"attachments":[],"parameters":[],"stepsCount":0,"attachmentsCount":0,"shouldDisplayMessage":false,"hasContent":false}],"afterStages":[{"name":"_xunit_setup_method_fixture_TestConduit::0","time":{"start":1682406421450,"stop":1682406421508,"duration":58},"status":"passed","steps":[],"attachments":[],"parameters":[],"stepsCount":0,"attachmentsCount":0,"shouldDisplayMessage":false,"hasContent":false}],"labels":[{"name":"parentSuite","value":"vizsgaremek_test"},{"name":"suite","value":"test_vizsgaremek"},{"name":"subSuite","value":"TestConduit"},{"name":"host","value":"fv-az555-154"},{"name":"thread","value":"3075-MainThread"},{"name":"framework","value":"pytest"},{"name":"language","value":"cpython3"},{"name":"package","value":"vizsgaremek_test.test_vizsgaremek"},{"name":"resultFormat","value":"allure2"}],"parameters":[],"links":[],"hidden":false,"retry":false,"extra":{"severity":"normal","retries":[],"categories":[{"name":"Test defects","matchedStatuses":[],"flaky":false}],"tags":[]},"source":"5542649a58d3b610.json","parameterValues":[]}