{"uid":"257348ca3c69db68","name":"test_articleCreate","fullName":"vizsgaremek_test.test_vizsgaremek.TestConduit#test_articleCreate","historyId":"1664b98f3207d9ab9be148c00b5e1936","time":{"start":1682377091118,"stop":1682377101475,"duration":10357},"status":"broken","statusMessage":"selenium.common.exceptions.TimeoutException: Message: \nStacktrace:\n#0 0x55fbc5cd2fe3 <unknown>\n#1 0x55fbc5a11d36 <unknown>\n#2 0x55fbc5a4ec4d <unknown>\n#3 0x55fbc5a4ed61 <unknown>\n#4 0x55fbc5a8a6a4 <unknown>\n#5 0x55fbc5a6f8ed <unknown>\n#6 0x55fbc5a88232 <unknown>\n#7 0x55fbc5a6f693 <unknown>\n#8 0x55fbc5a4203a <unknown>\n#9 0x55fbc5a4317e <unknown>\n#10 0x55fbc5c94dbd <unknown>\n#11 0x55fbc5c98c6c <unknown>\n#12 0x55fbc5ca24b0 <unknown>\n#13 0x55fbc5c99d63 <unknown>\n#14 0x55fbc5c6cc35 <unknown>\n#15 0x55fbc5cbd138 <unknown>\n#16 0x55fbc5cbd2c7 <unknown>\n#17 0x55fbc5ccb093 <unknown>\n#18 0x7fc20f897b43 <unknown>","statusTrace":"self = <test_vizsgaremek.TestConduit object at 0x7f2b04216380>\n\n    def test_articleCreate(self):\n        login(self.browser)\n>       WebDriverWait(self.browser, varj).until(\n            EC.presence_of_element_located((By.XPATH, '//a[@href=\"#/editor\"]'))).click()\n\nvizsgaremek_test/test_vizsgaremek.py:154: \n_ _ _ _ _ _ _ _ _ _ _ _ _ _ _ _ _ _ _ _ _ _ _ _ _ _ _ _ _ _ _ _ _ _ _ _ _ _ _ _ \n\nself = <selenium.webdriver.support.wait.WebDriverWait (session=\"9951b1bfb0d1f05785e82575e1bbdb7c\")>\nmethod = <function presence_of_element_located.<locals>._predicate at 0x7f2b02dc95a0>\nmessage = ''\n\n    def until(self, method, message: str = \"\"):\n        \"\"\"Calls the method provided with the driver as an argument until the \\\n        return value does not evaluate to ``False``.\n    \n        :param method: callable(WebDriver)\n        :param message: optional message for :exc:`TimeoutException`\n        :returns: the result of the last call to `method`\n        :raises: :exc:`selenium.common.exceptions.TimeoutException` if timeout occurs\n        \"\"\"\n        screen = None\n        stacktrace = None\n    \n        end_time = time.monotonic() + self._timeout\n        while True:\n            try:\n                value = method(self._driver)\n                if value:\n                    return value\n            except self._ignored_exceptions as exc:\n                screen = getattr(exc, \"screen\", None)\n                stacktrace = getattr(exc, \"stacktrace\", None)\n            time.sleep(self._poll)\n            if time.monotonic() > end_time:\n                break\n>       raise TimeoutException(message, screen, stacktrace)\nE       selenium.common.exceptions.TimeoutException: Message: \nE       Stacktrace:\nE       #0 0x55fbc5cd2fe3 <unknown>\nE       #1 0x55fbc5a11d36 <unknown>\nE       #2 0x55fbc5a4ec4d <unknown>\nE       #3 0x55fbc5a4ed61 <unknown>\nE       #4 0x55fbc5a8a6a4 <unknown>\nE       #5 0x55fbc5a6f8ed <unknown>\nE       #6 0x55fbc5a88232 <unknown>\nE       #7 0x55fbc5a6f693 <unknown>\nE       #8 0x55fbc5a4203a <unknown>\nE       #9 0x55fbc5a4317e <unknown>\nE       #10 0x55fbc5c94dbd <unknown>\nE       #11 0x55fbc5c98c6c <unknown>\nE       #12 0x55fbc5ca24b0 <unknown>\nE       #13 0x55fbc5c99d63 <unknown>\nE       #14 0x55fbc5c6cc35 <unknown>\nE       #15 0x55fbc5cbd138 <unknown>\nE       #16 0x55fbc5cbd2c7 <unknown>\nE       #17 0x55fbc5ccb093 <unknown>\nE       #18 0x7fc20f897b43 <unknown>\n\n/opt/hostedtoolcache/Python/3.10.11/x64/lib/python3.10/site-packages/selenium/webdriver/support/wait.py:95: TimeoutException","flaky":false,"newFailed":false,"newBroken":false,"newPassed":false,"retriesCount":0,"retriesStatusChange":false,"beforeStages":[{"name":"_xunit_setup_method_fixture_TestConduit","time":{"start":1682377090076,"stop":1682377091117,"duration":1041},"status":"passed","steps":[],"attachments":[],"parameters":[],"stepsCount":0,"attachmentsCount":0,"shouldDisplayMessage":false,"hasContent":false}],"afterStages":[{"name":"_xunit_setup_method_fixture_TestConduit::0","time":{"start":1682377101486,"stop":1682377101541,"duration":55},"status":"passed","steps":[],"attachments":[],"parameters":[],"stepsCount":0,"attachmentsCount":0,"shouldDisplayMessage":false,"hasContent":false}],"labels":[{"name":"parentSuite","value":"vizsgaremek_test"},{"name":"suite","value":"test_vizsgaremek"},{"name":"subSuite","value":"TestConduit"},{"name":"host","value":"fv-az629-972"},{"name":"thread","value":"3078-MainThread"},{"name":"framework","value":"pytest"},{"name":"language","value":"cpython3"},{"name":"package","value":"vizsgaremek_test.test_vizsgaremek"},{"name":"resultFormat","value":"allure2"}],"parameters":[],"links":[],"hidden":false,"retry":false,"extra":{"severity":"normal","retries":[],"categories":[{"name":"Test defects","matchedStatuses":[],"flaky":false}],"tags":[]},"source":"257348ca3c69db68.json","parameterValues":[]}