{"uid":"2a67d2770094d859","name":"test_logOut","fullName":"vizsgaremek_test.test_vizsgaremek.TestConduit#test_logOut","historyId":"f3fa6621cfd8b153b0d5c078567291f2","time":{"start":1682377044037,"stop":1682377054389,"duration":10352},"status":"broken","statusMessage":"selenium.common.exceptions.TimeoutException: Message: \nStacktrace:\n#0 0x5653f5846fe3 <unknown>\n#1 0x5653f5585d36 <unknown>\n#2 0x5653f55c2c4d <unknown>\n#3 0x5653f55c2d61 <unknown>\n#4 0x5653f55fe6a4 <unknown>\n#5 0x5653f55e38ed <unknown>\n#6 0x5653f55fc232 <unknown>\n#7 0x5653f55e3693 <unknown>\n#8 0x5653f55b603a <unknown>\n#9 0x5653f55b717e <unknown>\n#10 0x5653f5808dbd <unknown>\n#11 0x5653f580cc6c <unknown>\n#12 0x5653f58164b0 <unknown>\n#13 0x5653f580dd63 <unknown>\n#14 0x5653f57e0c35 <unknown>\n#15 0x5653f5831138 <unknown>\n#16 0x5653f58312c7 <unknown>\n#17 0x5653f583f093 <unknown>\n#18 0x7faf2b966b43 <unknown>","statusTrace":"self = <test_vizsgaremek.TestConduit object at 0x7f2b04215210>\n\n    def test_logOut(self):\n        login(self.browser)\n>       WebDriverWait(self.browser, varj).until(\n            EC.presence_of_element_located((By.XPATH, '//a[@active-class=\"active\"]'))).click()\n\nvizsgaremek_test/test_vizsgaremek.py:104: \n_ _ _ _ _ _ _ _ _ _ _ _ _ _ _ _ _ _ _ _ _ _ _ _ _ _ _ _ _ _ _ _ _ _ _ _ _ _ _ _ \n\nself = <selenium.webdriver.support.wait.WebDriverWait (session=\"3c1ec4566817f452ac71e6378d42e38c\")>\nmethod = <function presence_of_element_located.<locals>._predicate at 0x7f2b03f53130>\nmessage = ''\n\n    def until(self, method, message: str = \"\"):\n        \"\"\"Calls the method provided with the driver as an argument until the \\\n        return value does not evaluate to ``False``.\n    \n        :param method: callable(WebDriver)\n        :param message: optional message for :exc:`TimeoutException`\n        :returns: the result of the last call to `method`\n        :raises: :exc:`selenium.common.exceptions.TimeoutException` if timeout occurs\n        \"\"\"\n        screen = None\n        stacktrace = None\n    \n        end_time = time.monotonic() + self._timeout\n        while True:\n            try:\n                value = method(self._driver)\n                if value:\n                    return value\n            except self._ignored_exceptions as exc:\n                screen = getattr(exc, \"screen\", None)\n                stacktrace = getattr(exc, \"stacktrace\", None)\n            time.sleep(self._poll)\n            if time.monotonic() > end_time:\n                break\n>       raise TimeoutException(message, screen, stacktrace)\nE       selenium.common.exceptions.TimeoutException: Message: \nE       Stacktrace:\nE       #0 0x5653f5846fe3 <unknown>\nE       #1 0x5653f5585d36 <unknown>\nE       #2 0x5653f55c2c4d <unknown>\nE       #3 0x5653f55c2d61 <unknown>\nE       #4 0x5653f55fe6a4 <unknown>\nE       #5 0x5653f55e38ed <unknown>\nE       #6 0x5653f55fc232 <unknown>\nE       #7 0x5653f55e3693 <unknown>\nE       #8 0x5653f55b603a <unknown>\nE       #9 0x5653f55b717e <unknown>\nE       #10 0x5653f5808dbd <unknown>\nE       #11 0x5653f580cc6c <unknown>\nE       #12 0x5653f58164b0 <unknown>\nE       #13 0x5653f580dd63 <unknown>\nE       #14 0x5653f57e0c35 <unknown>\nE       #15 0x5653f5831138 <unknown>\nE       #16 0x5653f58312c7 <unknown>\nE       #17 0x5653f583f093 <unknown>\nE       #18 0x7faf2b966b43 <unknown>\n\n/opt/hostedtoolcache/Python/3.10.11/x64/lib/python3.10/site-packages/selenium/webdriver/support/wait.py:95: TimeoutException","flaky":false,"newFailed":false,"newBroken":false,"newPassed":false,"retriesCount":0,"retriesStatusChange":false,"beforeStages":[{"name":"_xunit_setup_method_fixture_TestConduit","time":{"start":1682377042974,"stop":1682377044036,"duration":1062},"status":"passed","steps":[],"attachments":[],"parameters":[],"stepsCount":0,"attachmentsCount":0,"shouldDisplayMessage":false,"hasContent":false}],"afterStages":[{"name":"_xunit_setup_method_fixture_TestConduit::0","time":{"start":1682377054435,"stop":1682377054492,"duration":57},"status":"passed","steps":[],"attachments":[],"parameters":[],"stepsCount":0,"attachmentsCount":0,"shouldDisplayMessage":false,"hasContent":false}],"labels":[{"name":"parentSuite","value":"vizsgaremek_test"},{"name":"suite","value":"test_vizsgaremek"},{"name":"subSuite","value":"TestConduit"},{"name":"host","value":"fv-az629-972"},{"name":"thread","value":"3078-MainThread"},{"name":"framework","value":"pytest"},{"name":"language","value":"cpython3"},{"name":"package","value":"vizsgaremek_test.test_vizsgaremek"},{"name":"resultFormat","value":"allure2"}],"parameters":[],"links":[],"hidden":false,"retry":false,"extra":{"severity":"normal","retries":[],"categories":[{"name":"Test defects","matchedStatuses":[],"flaky":false}],"tags":[]},"source":"2a67d2770094d859.json","parameterValues":[]}