{"uid":"59430e04a232a813","name":"test_tags","fullName":"vizsgaremek_test.test_vizsgaremek.TestConduit#test_tags","historyId":"80cab94caf9cafb036c619b8a4eb15d4","time":{"start":1682377079652,"stop":1682377090009,"duration":10357},"status":"broken","statusMessage":"selenium.common.exceptions.TimeoutException: Message: \nStacktrace:\n#0 0x563cfec02fe3 <unknown>\n#1 0x563cfe941d36 <unknown>\n#2 0x563cfe97ec4d <unknown>\n#3 0x563cfe97ed61 <unknown>\n#4 0x563cfe9ba6a4 <unknown>\n#5 0x563cfe99f8ed <unknown>\n#6 0x563cfe9b8232 <unknown>\n#7 0x563cfe99f693 <unknown>\n#8 0x563cfe97203a <unknown>\n#9 0x563cfe97317e <unknown>\n#10 0x563cfebc4dbd <unknown>\n#11 0x563cfebc8c6c <unknown>\n#12 0x563cfebd24b0 <unknown>\n#13 0x563cfebc9d63 <unknown>\n#14 0x563cfeb9cc35 <unknown>\n#15 0x563cfebed138 <unknown>\n#16 0x563cfebed2c7 <unknown>\n#17 0x563cfebfb093 <unknown>\n#18 0x7fb0ca030b43 <unknown>","statusTrace":"self = <test_vizsgaremek.TestConduit object at 0x7f2b04216260>\n\n    def test_tags(self):\n        login(self.browser)\n>       WebDriverWait(self.browser, varj).until(EC.presence_of_element_located(\n            (By.XPATH, '//div[@class=\"sidebar\"]/div[@class=\"tag-list\"]/a[@href=\"#/tag/dolor\"]'))).click()\n\nvizsgaremek_test/test_vizsgaremek.py:145: \n_ _ _ _ _ _ _ _ _ _ _ _ _ _ _ _ _ _ _ _ _ _ _ _ _ _ _ _ _ _ _ _ _ _ _ _ _ _ _ _ \n\nself = <selenium.webdriver.support.wait.WebDriverWait (session=\"2f88bd332e35b21f3bec1d876082bc41\")>\nmethod = <function presence_of_element_located.<locals>._predicate at 0x7f2b02dc96c0>\nmessage = ''\n\n    def until(self, method, message: str = \"\"):\n        \"\"\"Calls the method provided with the driver as an argument until the \\\n        return value does not evaluate to ``False``.\n    \n        :param method: callable(WebDriver)\n        :param message: optional message for :exc:`TimeoutException`\n        :returns: the result of the last call to `method`\n        :raises: :exc:`selenium.common.exceptions.TimeoutException` if timeout occurs\n        \"\"\"\n        screen = None\n        stacktrace = None\n    \n        end_time = time.monotonic() + self._timeout\n        while True:\n            try:\n                value = method(self._driver)\n                if value:\n                    return value\n            except self._ignored_exceptions as exc:\n                screen = getattr(exc, \"screen\", None)\n                stacktrace = getattr(exc, \"stacktrace\", None)\n            time.sleep(self._poll)\n            if time.monotonic() > end_time:\n                break\n>       raise TimeoutException(message, screen, stacktrace)\nE       selenium.common.exceptions.TimeoutException: Message: \nE       Stacktrace:\nE       #0 0x563cfec02fe3 <unknown>\nE       #1 0x563cfe941d36 <unknown>\nE       #2 0x563cfe97ec4d <unknown>\nE       #3 0x563cfe97ed61 <unknown>\nE       #4 0x563cfe9ba6a4 <unknown>\nE       #5 0x563cfe99f8ed <unknown>\nE       #6 0x563cfe9b8232 <unknown>\nE       #7 0x563cfe99f693 <unknown>\nE       #8 0x563cfe97203a <unknown>\nE       #9 0x563cfe97317e <unknown>\nE       #10 0x563cfebc4dbd <unknown>\nE       #11 0x563cfebc8c6c <unknown>\nE       #12 0x563cfebd24b0 <unknown>\nE       #13 0x563cfebc9d63 <unknown>\nE       #14 0x563cfeb9cc35 <unknown>\nE       #15 0x563cfebed138 <unknown>\nE       #16 0x563cfebed2c7 <unknown>\nE       #17 0x563cfebfb093 <unknown>\nE       #18 0x7fb0ca030b43 <unknown>\n\n/opt/hostedtoolcache/Python/3.10.11/x64/lib/python3.10/site-packages/selenium/webdriver/support/wait.py:95: TimeoutException","flaky":false,"newFailed":false,"newBroken":false,"newPassed":false,"retriesCount":0,"retriesStatusChange":false,"beforeStages":[{"name":"_xunit_setup_method_fixture_TestConduit","time":{"start":1682377078578,"stop":1682377079651,"duration":1073},"status":"passed","steps":[],"attachments":[],"parameters":[],"stepsCount":0,"attachmentsCount":0,"shouldDisplayMessage":false,"hasContent":false}],"afterStages":[{"name":"_xunit_setup_method_fixture_TestConduit::0","time":{"start":1682377090019,"stop":1682377090074,"duration":55},"status":"passed","steps":[],"attachments":[],"parameters":[],"stepsCount":0,"attachmentsCount":0,"shouldDisplayMessage":false,"hasContent":false}],"labels":[{"name":"parentSuite","value":"vizsgaremek_test"},{"name":"suite","value":"test_vizsgaremek"},{"name":"subSuite","value":"TestConduit"},{"name":"host","value":"fv-az629-972"},{"name":"thread","value":"3078-MainThread"},{"name":"framework","value":"pytest"},{"name":"language","value":"cpython3"},{"name":"package","value":"vizsgaremek_test.test_vizsgaremek"},{"name":"resultFormat","value":"allure2"}],"parameters":[],"links":[],"hidden":false,"retry":false,"extra":{"severity":"normal","retries":[],"categories":[{"name":"Test defects","matchedStatuses":[],"flaky":false}],"tags":[]},"source":"59430e04a232a813.json","parameterValues":[]}