{"uid":"286244ea58465564","name":"test_articleCreate","fullName":"vizsgaremek_test.test_vizsgaremek.TestConduit#test_articleCreate","historyId":"1664b98f3207d9ab9be148c00b5e1936","time":{"start":1682424864497,"stop":1682424925178,"duration":60681},"status":"broken","statusMessage":"selenium.common.exceptions.TimeoutException: Message: \nStacktrace:\n#0 0x555aaaf9cfe3 <unknown>\n#1 0x555aaacdbd36 <unknown>\n#2 0x555aaad18c4d <unknown>\n#3 0x555aaad18d61 <unknown>\n#4 0x555aaad546a4 <unknown>\n#5 0x555aaad398ed <unknown>\n#6 0x555aaad52232 <unknown>\n#7 0x555aaad39693 <unknown>\n#8 0x555aaad0c03a <unknown>\n#9 0x555aaad0d17e <unknown>\n#10 0x555aaaf5edbd <unknown>\n#11 0x555aaaf62c6c <unknown>\n#12 0x555aaaf6c4b0 <unknown>\n#13 0x555aaaf63d63 <unknown>\n#14 0x555aaaf36c35 <unknown>\n#15 0x555aaaf87138 <unknown>\n#16 0x555aaaf872c7 <unknown>\n#17 0x555aaaf95093 <unknown>\n#18 0x7fe030684b43 <unknown>","statusTrace":"self = <test_vizsgaremek.TestConduit object at 0x7f388b3a07c0>\n\n    def test_articleCreate(self):\n        login(self.browser)\n        time.sleep(varj)\n>       WebDriverWait(self.browser, varj).until(EC.presence_of_element_located((By.XPATH, '//a[@href=\"#/editor\"]'))).click()\n\nvizsgaremek_test/test_vizsgaremek.py:127: \n_ _ _ _ _ _ _ _ _ _ _ _ _ _ _ _ _ _ _ _ _ _ _ _ _ _ _ _ _ _ _ _ _ _ _ _ _ _ _ _ \n\nself = <selenium.webdriver.support.wait.WebDriverWait (session=\"72c5e31409e457a3b58b23b028a25b3c\")>\nmethod = <function presence_of_element_located.<locals>._predicate at 0x7f388a2b77f0>\nmessage = ''\n\n    def until(self, method, message: str = \"\"):\n        \"\"\"Calls the method provided with the driver as an argument until the \\\n        return value does not evaluate to ``False``.\n    \n        :param method: callable(WebDriver)\n        :param message: optional message for :exc:`TimeoutException`\n        :returns: the result of the last call to `method`\n        :raises: :exc:`selenium.common.exceptions.TimeoutException` if timeout occurs\n        \"\"\"\n        screen = None\n        stacktrace = None\n    \n        end_time = time.monotonic() + self._timeout\n        while True:\n            try:\n                value = method(self._driver)\n                if value:\n                    return value\n            except self._ignored_exceptions as exc:\n                screen = getattr(exc, \"screen\", None)\n                stacktrace = getattr(exc, \"stacktrace\", None)\n            time.sleep(self._poll)\n            if time.monotonic() > end_time:\n                break\n>       raise TimeoutException(message, screen, stacktrace)\nE       selenium.common.exceptions.TimeoutException: Message: \nE       Stacktrace:\nE       #0 0x555aaaf9cfe3 <unknown>\nE       #1 0x555aaacdbd36 <unknown>\nE       #2 0x555aaad18c4d <unknown>\nE       #3 0x555aaad18d61 <unknown>\nE       #4 0x555aaad546a4 <unknown>\nE       #5 0x555aaad398ed <unknown>\nE       #6 0x555aaad52232 <unknown>\nE       #7 0x555aaad39693 <unknown>\nE       #8 0x555aaad0c03a <unknown>\nE       #9 0x555aaad0d17e <unknown>\nE       #10 0x555aaaf5edbd <unknown>\nE       #11 0x555aaaf62c6c <unknown>\nE       #12 0x555aaaf6c4b0 <unknown>\nE       #13 0x555aaaf63d63 <unknown>\nE       #14 0x555aaaf36c35 <unknown>\nE       #15 0x555aaaf87138 <unknown>\nE       #16 0x555aaaf872c7 <unknown>\nE       #17 0x555aaaf95093 <unknown>\nE       #18 0x7fe030684b43 <unknown>\n\n/opt/hostedtoolcache/Python/3.10.11/x64/lib/python3.10/site-packages/selenium/webdriver/support/wait.py:95: TimeoutException","flaky":false,"newFailed":false,"newBroken":false,"newPassed":false,"retriesCount":0,"retriesStatusChange":false,"beforeStages":[{"name":"_xunit_setup_method_fixture_TestConduit","time":{"start":1682424863402,"stop":1682424864497,"duration":1095},"status":"passed","steps":[],"attachments":[],"parameters":[],"stepsCount":0,"attachmentsCount":0,"shouldDisplayMessage":false,"hasContent":false}],"afterStages":[{"name":"_xunit_setup_method_fixture_TestConduit::0","time":{"start":1682424925188,"stop":1682424925245,"duration":57},"status":"passed","steps":[],"attachments":[],"parameters":[],"stepsCount":0,"attachmentsCount":0,"shouldDisplayMessage":false,"hasContent":false}],"labels":[{"name":"parentSuite","value":"vizsgaremek_test"},{"name":"suite","value":"test_vizsgaremek"},{"name":"subSuite","value":"TestConduit"},{"name":"host","value":"fv-az449-609"},{"name":"thread","value":"3112-MainThread"},{"name":"framework","value":"pytest"},{"name":"language","value":"cpython3"},{"name":"package","value":"vizsgaremek_test.test_vizsgaremek"},{"name":"resultFormat","value":"allure2"}],"parameters":[],"links":[],"hidden":false,"retry":false,"extra":{"severity":"normal","retries":[],"categories":[{"name":"Test defects","matchedStatuses":[],"flaky":false}],"tags":[]},"source":"286244ea58465564.json","parameterValues":[]}