{"uid":"2f6a47a35642de5b","name":"test_commentDelete","fullName":"vizsgaremek_test.test_vizsgaremek.TestConduit#test_commentDelete","historyId":"7ea2d026640e8c586f943d4b53d864ec","time":{"start":1682424969163,"stop":1682425009849,"duration":40686},"status":"broken","statusMessage":"selenium.common.exceptions.TimeoutException: Message: \nStacktrace:\n#0 0x55b845597fe3 <unknown>\n#1 0x55b8452d6d36 <unknown>\n#2 0x55b845313c4d <unknown>\n#3 0x55b845313d61 <unknown>\n#4 0x55b84534f6a4 <unknown>\n#5 0x55b8453348ed <unknown>\n#6 0x55b84534d232 <unknown>\n#7 0x55b845334693 <unknown>\n#8 0x55b84530703a <unknown>\n#9 0x55b84530817e <unknown>\n#10 0x55b845559dbd <unknown>\n#11 0x55b84555dc6c <unknown>\n#12 0x55b8455674b0 <unknown>\n#13 0x55b84555ed63 <unknown>\n#14 0x55b845531c35 <unknown>\n#15 0x55b845582138 <unknown>\n#16 0x55b8455822c7 <unknown>\n#17 0x55b845590093 <unknown>\n#18 0x7f46b8e9bb43 <unknown>","statusTrace":"self = <test_vizsgaremek.TestConduit object at 0x7f388b3a03a0>\n\n    def test_commentDelete(self):\n        login(self.browser)\n>       WebDriverWait(self.browser, varj).until(EC.presence_of_element_located((By.XPATH, '//a[@class=\"preview-link\"][1]'))).click()\n\nvizsgaremek_test/test_vizsgaremek.py:159: \n_ _ _ _ _ _ _ _ _ _ _ _ _ _ _ _ _ _ _ _ _ _ _ _ _ _ _ _ _ _ _ _ _ _ _ _ _ _ _ _ \n\nself = <selenium.webdriver.support.wait.WebDriverWait (session=\"bbd08a85c81fb16639d6588ea7fc8c33\")>\nmethod = <function presence_of_element_located.<locals>._predicate at 0x7f388a316ef0>\nmessage = ''\n\n    def until(self, method, message: str = \"\"):\n        \"\"\"Calls the method provided with the driver as an argument until the \\\n        return value does not evaluate to ``False``.\n    \n        :param method: callable(WebDriver)\n        :param message: optional message for :exc:`TimeoutException`\n        :returns: the result of the last call to `method`\n        :raises: :exc:`selenium.common.exceptions.TimeoutException` if timeout occurs\n        \"\"\"\n        screen = None\n        stacktrace = None\n    \n        end_time = time.monotonic() + self._timeout\n        while True:\n            try:\n                value = method(self._driver)\n                if value:\n                    return value\n            except self._ignored_exceptions as exc:\n                screen = getattr(exc, \"screen\", None)\n                stacktrace = getattr(exc, \"stacktrace\", None)\n            time.sleep(self._poll)\n            if time.monotonic() > end_time:\n                break\n>       raise TimeoutException(message, screen, stacktrace)\nE       selenium.common.exceptions.TimeoutException: Message: \nE       Stacktrace:\nE       #0 0x55b845597fe3 <unknown>\nE       #1 0x55b8452d6d36 <unknown>\nE       #2 0x55b845313c4d <unknown>\nE       #3 0x55b845313d61 <unknown>\nE       #4 0x55b84534f6a4 <unknown>\nE       #5 0x55b8453348ed <unknown>\nE       #6 0x55b84534d232 <unknown>\nE       #7 0x55b845334693 <unknown>\nE       #8 0x55b84530703a <unknown>\nE       #9 0x55b84530817e <unknown>\nE       #10 0x55b845559dbd <unknown>\nE       #11 0x55b84555dc6c <unknown>\nE       #12 0x55b8455674b0 <unknown>\nE       #13 0x55b84555ed63 <unknown>\nE       #14 0x55b845531c35 <unknown>\nE       #15 0x55b845582138 <unknown>\nE       #16 0x55b8455822c7 <unknown>\nE       #17 0x55b845590093 <unknown>\nE       #18 0x7f46b8e9bb43 <unknown>\n\n/opt/hostedtoolcache/Python/3.10.11/x64/lib/python3.10/site-packages/selenium/webdriver/support/wait.py:95: TimeoutException","flaky":false,"newFailed":false,"newBroken":false,"newPassed":false,"retriesCount":0,"retriesStatusChange":false,"beforeStages":[{"name":"_xunit_setup_method_fixture_TestConduit","time":{"start":1682424968098,"stop":1682424969162,"duration":1064},"status":"passed","steps":[],"attachments":[],"parameters":[],"stepsCount":0,"attachmentsCount":0,"shouldDisplayMessage":false,"hasContent":false}],"afterStages":[{"name":"_xunit_setup_method_fixture_TestConduit::0","time":{"start":1682425009859,"stop":1682425009915,"duration":56},"status":"passed","steps":[],"attachments":[],"parameters":[],"stepsCount":0,"attachmentsCount":0,"shouldDisplayMessage":false,"hasContent":false}],"labels":[{"name":"parentSuite","value":"vizsgaremek_test"},{"name":"suite","value":"test_vizsgaremek"},{"name":"subSuite","value":"TestConduit"},{"name":"host","value":"fv-az449-609"},{"name":"thread","value":"3112-MainThread"},{"name":"framework","value":"pytest"},{"name":"language","value":"cpython3"},{"name":"package","value":"vizsgaremek_test.test_vizsgaremek"},{"name":"resultFormat","value":"allure2"}],"parameters":[],"links":[],"hidden":false,"retry":false,"extra":{"severity":"normal","retries":[],"categories":[{"name":"Test defects","matchedStatuses":[],"flaky":false}],"tags":[]},"source":"2f6a47a35642de5b.json","parameterValues":[]}