{"uid":"63394501b9b0ae20","name":"test_logOut","fullName":"vizsgaremek_test.test_vizsgaremek.TestConduit#test_logOut","historyId":"f3fa6621cfd8b153b0d5c078567291f2","time":{"start":1682424696466,"stop":1682424737122,"duration":40656},"status":"broken","statusMessage":"selenium.common.exceptions.TimeoutException: Message: \nStacktrace:\n#0 0x55b4aeb2cfe3 <unknown>\n#1 0x55b4ae86bd36 <unknown>\n#2 0x55b4ae8a8c4d <unknown>\n#3 0x55b4ae8a8d61 <unknown>\n#4 0x55b4ae8e46a4 <unknown>\n#5 0x55b4ae8c98ed <unknown>\n#6 0x55b4ae8e2232 <unknown>\n#7 0x55b4ae8c9693 <unknown>\n#8 0x55b4ae89c03a <unknown>\n#9 0x55b4ae89d17e <unknown>\n#10 0x55b4aeaeedbd <unknown>\n#11 0x55b4aeaf2c6c <unknown>\n#12 0x55b4aeafc4b0 <unknown>\n#13 0x55b4aeaf3d63 <unknown>\n#14 0x55b4aeac6c35 <unknown>\n#15 0x55b4aeb17138 <unknown>\n#16 0x55b4aeb172c7 <unknown>\n#17 0x55b4aeb25093 <unknown>\n#18 0x7f6d54fb9b43 <unknown>","statusTrace":"self = <test_vizsgaremek.TestConduit object at 0x7f388b3a0130>\n\n    def test_logOut(self):\n        login(self.browser)\n>       WebDriverWait(self.browser, varj).until(EC.presence_of_element_located((By.XPATH, '//a[@active-class=\"active\"]'))).click()\n\nvizsgaremek_test/test_vizsgaremek.py:86: \n_ _ _ _ _ _ _ _ _ _ _ _ _ _ _ _ _ _ _ _ _ _ _ _ _ _ _ _ _ _ _ _ _ _ _ _ _ _ _ _ \n\nself = <selenium.webdriver.support.wait.WebDriverWait (session=\"97fd2b5f7e6d4eb99613b023696cce73\")>\nmethod = <function presence_of_element_located.<locals>._predicate at 0x7f388a29caf0>\nmessage = ''\n\n    def until(self, method, message: str = \"\"):\n        \"\"\"Calls the method provided with the driver as an argument until the \\\n        return value does not evaluate to ``False``.\n    \n        :param method: callable(WebDriver)\n        :param message: optional message for :exc:`TimeoutException`\n        :returns: the result of the last call to `method`\n        :raises: :exc:`selenium.common.exceptions.TimeoutException` if timeout occurs\n        \"\"\"\n        screen = None\n        stacktrace = None\n    \n        end_time = time.monotonic() + self._timeout\n        while True:\n            try:\n                value = method(self._driver)\n                if value:\n                    return value\n            except self._ignored_exceptions as exc:\n                screen = getattr(exc, \"screen\", None)\n                stacktrace = getattr(exc, \"stacktrace\", None)\n            time.sleep(self._poll)\n            if time.monotonic() > end_time:\n                break\n>       raise TimeoutException(message, screen, stacktrace)\nE       selenium.common.exceptions.TimeoutException: Message: \nE       Stacktrace:\nE       #0 0x55b4aeb2cfe3 <unknown>\nE       #1 0x55b4ae86bd36 <unknown>\nE       #2 0x55b4ae8a8c4d <unknown>\nE       #3 0x55b4ae8a8d61 <unknown>\nE       #4 0x55b4ae8e46a4 <unknown>\nE       #5 0x55b4ae8c98ed <unknown>\nE       #6 0x55b4ae8e2232 <unknown>\nE       #7 0x55b4ae8c9693 <unknown>\nE       #8 0x55b4ae89c03a <unknown>\nE       #9 0x55b4ae89d17e <unknown>\nE       #10 0x55b4aeaeedbd <unknown>\nE       #11 0x55b4aeaf2c6c <unknown>\nE       #12 0x55b4aeafc4b0 <unknown>\nE       #13 0x55b4aeaf3d63 <unknown>\nE       #14 0x55b4aeac6c35 <unknown>\nE       #15 0x55b4aeb17138 <unknown>\nE       #16 0x55b4aeb172c7 <unknown>\nE       #17 0x55b4aeb25093 <unknown>\nE       #18 0x7f6d54fb9b43 <unknown>\n\n/opt/hostedtoolcache/Python/3.10.11/x64/lib/python3.10/site-packages/selenium/webdriver/support/wait.py:95: TimeoutException","flaky":false,"newFailed":false,"newBroken":false,"newPassed":false,"retriesCount":0,"retriesStatusChange":false,"beforeStages":[{"name":"_xunit_setup_method_fixture_TestConduit","time":{"start":1682424695381,"stop":1682424696465,"duration":1084},"status":"passed","steps":[],"attachments":[],"parameters":[],"stepsCount":0,"attachmentsCount":0,"shouldDisplayMessage":false,"hasContent":false}],"afterStages":[{"name":"_xunit_setup_method_fixture_TestConduit::0","time":{"start":1682424737167,"stop":1682424737223,"duration":56},"status":"passed","steps":[],"attachments":[],"parameters":[],"stepsCount":0,"attachmentsCount":0,"shouldDisplayMessage":false,"hasContent":false}],"labels":[{"name":"parentSuite","value":"vizsgaremek_test"},{"name":"suite","value":"test_vizsgaremek"},{"name":"subSuite","value":"TestConduit"},{"name":"host","value":"fv-az449-609"},{"name":"thread","value":"3112-MainThread"},{"name":"framework","value":"pytest"},{"name":"language","value":"cpython3"},{"name":"package","value":"vizsgaremek_test.test_vizsgaremek"},{"name":"resultFormat","value":"allure2"}],"parameters":[],"links":[],"hidden":false,"retry":false,"extra":{"severity":"normal","retries":[],"categories":[{"name":"Test defects","matchedStatuses":[],"flaky":false}],"tags":[]},"source":"63394501b9b0ae20.json","parameterValues":[]}