{"uid":"5d3962685a43c48f","name":"test_logOut","fullName":"vizsgaremek_test.test_vizsgaremek.TestConduit#test_logOut","historyId":"f3fa6621cfd8b153b0d5c078567291f2","time":{"start":1682410553317,"stop":1682410594105,"duration":40788},"status":"broken","statusMessage":"selenium.common.exceptions.TimeoutException: Message: \nStacktrace:\n#0 0x557e7209cfe3 <unknown>\n#1 0x557e71ddbd36 <unknown>\n#2 0x557e71e18c4d <unknown>\n#3 0x557e71e18d61 <unknown>\n#4 0x557e71e546a4 <unknown>\n#5 0x557e71e398ed <unknown>\n#6 0x557e71e52232 <unknown>\n#7 0x557e71e39693 <unknown>\n#8 0x557e71e0c03a <unknown>\n#9 0x557e71e0d17e <unknown>\n#10 0x557e7205edbd <unknown>\n#11 0x557e72062c6c <unknown>\n#12 0x557e7206c4b0 <unknown>\n#13 0x557e72063d63 <unknown>\n#14 0x557e72036c35 <unknown>\n#15 0x557e72087138 <unknown>\n#16 0x557e720872c7 <unknown>\n#17 0x557e72095093 <unknown>\n#18 0x7f6cd2a9bb43 <unknown>","statusTrace":"self = <test_vizsgaremek.TestConduit object at 0x7f240499cf70>\n\n    def test_logOut(self):\n        login(self.browser)\n>       WebDriverWait(self.browser, varj).until(EC.presence_of_element_located((By.XPATH, '//a[@active-class=\"active\"]'))).click()\n\nvizsgaremek_test/test_vizsgaremek.py:86: \n_ _ _ _ _ _ _ _ _ _ _ _ _ _ _ _ _ _ _ _ _ _ _ _ _ _ _ _ _ _ _ _ _ _ _ _ _ _ _ _ \n\nself = <selenium.webdriver.support.wait.WebDriverWait (session=\"c5d3beddcef5cac38d61b25ec4ed477e\")>\nmethod = <function presence_of_element_located.<locals>._predicate at 0x7f2403520af0>\nmessage = ''\n\n    def until(self, method, message: str = \"\"):\n        \"\"\"Calls the method provided with the driver as an argument until the \\\n        return value does not evaluate to ``False``.\n    \n        :param method: callable(WebDriver)\n        :param message: optional message for :exc:`TimeoutException`\n        :returns: the result of the last call to `method`\n        :raises: :exc:`selenium.common.exceptions.TimeoutException` if timeout occurs\n        \"\"\"\n        screen = None\n        stacktrace = None\n    \n        end_time = time.monotonic() + self._timeout\n        while True:\n            try:\n                value = method(self._driver)\n                if value:\n                    return value\n            except self._ignored_exceptions as exc:\n                screen = getattr(exc, \"screen\", None)\n                stacktrace = getattr(exc, \"stacktrace\", None)\n            time.sleep(self._poll)\n            if time.monotonic() > end_time:\n                break\n>       raise TimeoutException(message, screen, stacktrace)\nE       selenium.common.exceptions.TimeoutException: Message: \nE       Stacktrace:\nE       #0 0x557e7209cfe3 <unknown>\nE       #1 0x557e71ddbd36 <unknown>\nE       #2 0x557e71e18c4d <unknown>\nE       #3 0x557e71e18d61 <unknown>\nE       #4 0x557e71e546a4 <unknown>\nE       #5 0x557e71e398ed <unknown>\nE       #6 0x557e71e52232 <unknown>\nE       #7 0x557e71e39693 <unknown>\nE       #8 0x557e71e0c03a <unknown>\nE       #9 0x557e71e0d17e <unknown>\nE       #10 0x557e7205edbd <unknown>\nE       #11 0x557e72062c6c <unknown>\nE       #12 0x557e7206c4b0 <unknown>\nE       #13 0x557e72063d63 <unknown>\nE       #14 0x557e72036c35 <unknown>\nE       #15 0x557e72087138 <unknown>\nE       #16 0x557e720872c7 <unknown>\nE       #17 0x557e72095093 <unknown>\nE       #18 0x7f6cd2a9bb43 <unknown>\n\n/opt/hostedtoolcache/Python/3.10.11/x64/lib/python3.10/site-packages/selenium/webdriver/support/wait.py:95: TimeoutException","flaky":false,"newFailed":false,"newBroken":false,"newPassed":false,"retriesCount":0,"retriesStatusChange":false,"beforeStages":[{"name":"_xunit_setup_method_fixture_TestConduit","time":{"start":1682410552170,"stop":1682410553316,"duration":1146},"status":"passed","steps":[],"attachments":[],"parameters":[],"attachmentsCount":0,"shouldDisplayMessage":false,"hasContent":false,"stepsCount":0}],"afterStages":[{"name":"_xunit_setup_method_fixture_TestConduit::0","time":{"start":1682410594160,"stop":1682410594217,"duration":57},"status":"passed","steps":[],"attachments":[],"parameters":[],"attachmentsCount":0,"shouldDisplayMessage":false,"hasContent":false,"stepsCount":0}],"labels":[{"name":"parentSuite","value":"vizsgaremek_test"},{"name":"suite","value":"test_vizsgaremek"},{"name":"subSuite","value":"TestConduit"},{"name":"host","value":"fv-az254-281"},{"name":"thread","value":"3070-MainThread"},{"name":"framework","value":"pytest"},{"name":"language","value":"cpython3"},{"name":"package","value":"vizsgaremek_test.test_vizsgaremek"},{"name":"resultFormat","value":"allure2"}],"parameters":[],"links":[],"hidden":false,"retry":false,"extra":{"severity":"normal","retries":[],"categories":[{"name":"Test defects","matchedStatuses":[],"flaky":false}],"tags":[]},"source":"5d3962685a43c48f.json","parameterValues":[]}