{"uid":"8de68f9dc9d5993b","name":"test_tags","fullName":"vizsgaremek_test.test_vizsgaremek.TestConduit#test_tags","historyId":"80cab94caf9cafb036c619b8a4eb15d4","time":{"start":1682410680037,"stop":1682410720769,"duration":40732},"status":"broken","statusMessage":"selenium.common.exceptions.TimeoutException: Message: \nStacktrace:\n#0 0x56103003dfe3 <unknown>\n#1 0x56102fd7cd36 <unknown>\n#2 0x56102fdb9c4d <unknown>\n#3 0x56102fdb9d61 <unknown>\n#4 0x56102fdf56a4 <unknown>\n#5 0x56102fdda8ed <unknown>\n#6 0x56102fdf3232 <unknown>\n#7 0x56102fdda693 <unknown>\n#8 0x56102fdad03a <unknown>\n#9 0x56102fdae17e <unknown>\n#10 0x56102ffffdbd <unknown>\n#11 0x561030003c6c <unknown>\n#12 0x56103000d4b0 <unknown>\n#13 0x561030004d63 <unknown>\n#14 0x56102ffd7c35 <unknown>\n#15 0x561030028138 <unknown>\n#16 0x5610300282c7 <unknown>\n#17 0x561030036093 <unknown>\n#18 0x7fde62552b43 <unknown>","statusTrace":"self = <test_vizsgaremek.TestConduit object at 0x7f240499dfc0>\n\n    def test_tags(self):\n        login(self.browser)\n>       WebDriverWait(self.browser, varj).until(EC.presence_of_element_located((By.XPATH, '//div[@class=\"sidebar\"]/div[@class=\"tag-list\"]/a[@href=\"#/tag/dolor\"]'))).click()\n\nvizsgaremek_test/test_vizsgaremek.py:119: \n_ _ _ _ _ _ _ _ _ _ _ _ _ _ _ _ _ _ _ _ _ _ _ _ _ _ _ _ _ _ _ _ _ _ _ _ _ _ _ _ \n\nself = <selenium.webdriver.support.wait.WebDriverWait (session=\"9fbc5550198ea6fcca4642fa8364f76e\")>\nmethod = <function presence_of_element_located.<locals>._predicate at 0x7f240359c940>\nmessage = ''\n\n    def until(self, method, message: str = \"\"):\n        \"\"\"Calls the method provided with the driver as an argument until the \\\n        return value does not evaluate to ``False``.\n    \n        :param method: callable(WebDriver)\n        :param message: optional message for :exc:`TimeoutException`\n        :returns: the result of the last call to `method`\n        :raises: :exc:`selenium.common.exceptions.TimeoutException` if timeout occurs\n        \"\"\"\n        screen = None\n        stacktrace = None\n    \n        end_time = time.monotonic() + self._timeout\n        while True:\n            try:\n                value = method(self._driver)\n                if value:\n                    return value\n            except self._ignored_exceptions as exc:\n                screen = getattr(exc, \"screen\", None)\n                stacktrace = getattr(exc, \"stacktrace\", None)\n            time.sleep(self._poll)\n            if time.monotonic() > end_time:\n                break\n>       raise TimeoutException(message, screen, stacktrace)\nE       selenium.common.exceptions.TimeoutException: Message: \nE       Stacktrace:\nE       #0 0x56103003dfe3 <unknown>\nE       #1 0x56102fd7cd36 <unknown>\nE       #2 0x56102fdb9c4d <unknown>\nE       #3 0x56102fdb9d61 <unknown>\nE       #4 0x56102fdf56a4 <unknown>\nE       #5 0x56102fdda8ed <unknown>\nE       #6 0x56102fdf3232 <unknown>\nE       #7 0x56102fdda693 <unknown>\nE       #8 0x56102fdad03a <unknown>\nE       #9 0x56102fdae17e <unknown>\nE       #10 0x56102ffffdbd <unknown>\nE       #11 0x561030003c6c <unknown>\nE       #12 0x56103000d4b0 <unknown>\nE       #13 0x561030004d63 <unknown>\nE       #14 0x56102ffd7c35 <unknown>\nE       #15 0x561030028138 <unknown>\nE       #16 0x5610300282c7 <unknown>\nE       #17 0x561030036093 <unknown>\nE       #18 0x7fde62552b43 <unknown>\n\n/opt/hostedtoolcache/Python/3.10.11/x64/lib/python3.10/site-packages/selenium/webdriver/support/wait.py:95: TimeoutException","flaky":false,"newFailed":false,"newBroken":false,"newPassed":false,"retriesCount":0,"retriesStatusChange":false,"beforeStages":[{"name":"_xunit_setup_method_fixture_TestConduit","time":{"start":1682410678943,"stop":1682410680036,"duration":1093},"status":"passed","steps":[],"attachments":[],"parameters":[],"attachmentsCount":0,"shouldDisplayMessage":false,"hasContent":false,"stepsCount":0}],"afterStages":[{"name":"_xunit_setup_method_fixture_TestConduit::0","time":{"start":1682410720781,"stop":1682410720843,"duration":62},"status":"passed","steps":[],"attachments":[],"parameters":[],"attachmentsCount":0,"shouldDisplayMessage":false,"hasContent":false,"stepsCount":0}],"labels":[{"name":"parentSuite","value":"vizsgaremek_test"},{"name":"suite","value":"test_vizsgaremek"},{"name":"subSuite","value":"TestConduit"},{"name":"host","value":"fv-az254-281"},{"name":"thread","value":"3070-MainThread"},{"name":"framework","value":"pytest"},{"name":"language","value":"cpython3"},{"name":"package","value":"vizsgaremek_test.test_vizsgaremek"},{"name":"resultFormat","value":"allure2"}],"parameters":[],"links":[],"hidden":false,"retry":false,"extra":{"severity":"normal","retries":[],"categories":[{"name":"Test defects","matchedStatuses":[],"flaky":false}],"tags":[]},"source":"8de68f9dc9d5993b.json","parameterValues":[]}